root@otssTestServer:/home/lx/git/manual_kernel_update/packer# packer build centos.json
centos-7.7 output will be in this color.

==> centos-7.7: Retrieving Guest additions
==> centos-7.7: Trying /usr/share/virtualbox/VBoxGuestAdditions.iso
==> centos-7.7: Trying /usr/share/virtualbox/VBoxGuestAdditions.iso
==> centos-7.7: /usr/share/virtualbox/VBoxGuestAdditions.iso => /home/lx/git/manual_kernel_update/packer/packer_cache/26fb5ce50fc4b178e2f2ab9965e7b69240ae8239.iso
==> centos-7.7: Retrieving ISO
==> centos-7.7: Trying http://mirror.corbina.net/pub/Linux/centos/7.9.2009/isos/x86_64/CentOS-7-x86_64-Minimal-2009.iso
==> centos-7.7: Trying http://mirror.corbina.net/pub/Linux/centos/7.9.2009/isos/x86_64/CentOS-7-x86_64-Minimal-2009.iso?checksum=sha256%3A07b94e6b1a0b0260b94c83d6bb76b26bf7a310dc78d7a9c7432809fb9bc6194a
CentOS-7-x86_64-Minimal-2009.iso 973.00 MiB / 973.00 MiB [====================================================================================================================================================================] 100.00% 1m48s
==> centos-7.7: http://mirror.corbina.net/pub/Linux/centos/7.9.2009/isos/x86_64/CentOS-7-x86_64-Minimal-2009.iso?checksum=sha256%3A07b94e6b1a0b0260b94c83d6bb76b26bf7a310dc78d7a9c7432809fb9bc6194a => /home/lx/git/manual_kernel_update/packer/packer_cache/d95e59a9419e542b55bdd04a34cb64705af752eb.iso
==> centos-7.7: Starting HTTP server on port 8232
==> centos-7.7: Creating virtual machine...
==> centos-7.7: Creating hard drive...
==> centos-7.7: Creating forwarded port mapping for communicator (SSH, WinRM, etc) (host port 2972)
==> centos-7.7: Executing custom VBoxManage commands...
    centos-7.7: Executing: modifyvm packer-centos-vm --memory 1024
    centos-7.7: Executing: modifyvm packer-centos-vm --cpus 2
==> centos-7.7: Starting the virtual machine...
==> centos-7.7: Waiting 10s for boot...
==> centos-7.7: Typing the boot command...
==> centos-7.7: Using ssh communicator to connect: 127.0.0.1
==> centos-7.7: Waiting for SSH to become available...
==> centos-7.7: Connected to SSH!
==> centos-7.7: Uploading VirtualBox version info (6.0.24)
==> centos-7.7: Uploading VirtualBox guest additions ISO...
==> centos-7.7: Pausing 20s before the next provisioner...
==> centos-7.7: Provisioning with shell script: scripts/stage-1-kernel-update.sh
    centos-7.7: Loaded plugins: fastestmirror
    centos-7.7: elrepo-release-7.0-3.el7.elrepo.noarch.rpm               | 8.5 kB     00:00
    centos-7.7: Examining /var/tmp/yum-root-EMVNXB/elrepo-release-7.0-3.el7.elrepo.noarch.rpm: elrepo-release-7.0-3.el7.elrepo.noarch
    centos-7.7: Marking /var/tmp/yum-root-EMVNXB/elrepo-release-7.0-3.el7.elrepo.noarch.rpm to be installed
    centos-7.7: Resolving Dependencies
    centos-7.7: --> Running transaction check
    centos-7.7: ---> Package elrepo-release.noarch 0:7.0-3.el7.elrepo will be installed
    centos-7.7: --> Finished Dependency Resolution
    centos-7.7:
    centos-7.7: Dependencies Resolved
    centos-7.7:
    centos-7.7: ================================================================================
    centos-7.7:  Package  Arch   Version          Repository                               Size
    centos-7.7: ================================================================================
    centos-7.7: Installing:
    centos-7.7:  elrepo-release
    centos-7.7:           noarch 7.0-3.el7.elrepo /elrepo-release-7.0-3.el7.elrepo.noarch 5.2 k
    centos-7.7:
    centos-7.7: Transaction Summary
    centos-7.7: ================================================================================
    centos-7.7: Install  1 Package
    centos-7.7:
    centos-7.7: Total size: 5.2 k
    centos-7.7: Installed size: 5.2 k
    centos-7.7: Downloading packages:
    centos-7.7: Running transaction check
    centos-7.7: Running transaction test
    centos-7.7: Transaction test succeeded
    centos-7.7: Running transaction
    centos-7.7:   Installing : elrepo-release-7.0-3.el7.elrepo.noarch                       1/1
    centos-7.7:   Verifying  : elrepo-release-7.0-3.el7.elrepo.noarch                       1/1
    centos-7.7:
    centos-7.7: Installed:
    centos-7.7:   elrepo-release.noarch 0:7.0-3.el7.elrepo
    centos-7.7:
    centos-7.7: Complete!
    centos-7.7: Loaded plugins: fastestmirror
    centos-7.7: Determining fastest mirrors
    centos-7.7:  * base: mirror.yandex.ru
    centos-7.7:  * elrepo: mirror.yandex.ru
    centos-7.7:  * elrepo-kernel: mirror.yandex.ru
    centos-7.7:  * extras: mirror.yandex.ru
    centos-7.7:  * updates: mirror.corbina.net
    centos-7.7: base                                                     | 3.6 kB     00:00
    centos-7.7: elrepo                                                   | 3.0 kB     00:00
    centos-7.7: elrepo-kernel                                            | 3.0 kB     00:00
    centos-7.7: extras                                                   | 2.9 kB     00:00
    centos-7.7: updates                                                  | 2.9 kB     00:00
    centos-7.7: (1/6): base/7/x86_64/group_gz                              | 153 kB   00:00
    centos-7.7: (2/6): extras/7/x86_64/primary_db                          | 236 kB   00:00
    centos-7.7: (3/6): base/7/x86_64/primary_db                            | 6.1 MB   00:00
    centos-7.7: (4/6): elrepo/primary_db                                   | 387 kB   00:00
    centos-7.7: (5/6): elrepo-kernel/primary_db                            | 2.0 MB   00:00
    centos-7.7: (6/6): updates/7/x86_64/primary_db                         | 8.0 MB   00:00
    centos-7.7: Resolving Dependencies
    centos-7.7: --> Running transaction check
    centos-7.7: ---> Package kernel-ml.x86_64 0:5.12.5-1.el7.elrepo will be installed
    centos-7.7: --> Finished Dependency Resolution
    centos-7.7:
    centos-7.7: Dependencies Resolved
    centos-7.7:
    centos-7.7: ================================================================================
    centos-7.7:  Package        Arch        Version                    Repository          Size
    centos-7.7: ================================================================================
    centos-7.7: Installing:
    centos-7.7:  kernel-ml      x86_64      5.12.5-1.el7.elrepo        elrepo-kernel       53 M
    centos-7.7:
    centos-7.7: Transaction Summary
    centos-7.7: ================================================================================
    centos-7.7: Install  1 Package
    centos-7.7:
    centos-7.7: Total download size: 53 M
    centos-7.7: Installed size: 242 M
    centos-7.7: Downloading packages:
    centos-7.7: warning: /var/cache/yum/x86_64/7/elrepo-kernel/packages/kernel-ml-5.12.5-1.el7.elrepo.x86_64.rpm: Header V4 DSA/SHA1 Signature, key ID baadae52: NOKEY
    centos-7.7: Public key for kernel-ml-5.12.5-1.el7.elrepo.x86_64.rpm is not installed
    centos-7.7: kernel-ml-5.12.5-1.el7.elrepo.x86_64.rpm                   |  53 MB   00:08
    centos-7.7: Retrieving key from file:///etc/pki/rpm-gpg/RPM-GPG-KEY-elrepo.org
    centos-7.7: Importing GPG key 0xBAADAE52:
    centos-7.7:  Userid     : "elrepo.org (RPM Signing Key for elrepo.org) <secure@elrepo.org>"
    centos-7.7:  Fingerprint: 96c0 104f 6315 4731 1e0b b1ae 309b c305 baad ae52
    centos-7.7:  Package    : elrepo-release-7.0-3.el7.elrepo.noarch (@/elrepo-release-7.0-3.el7.elrepo.noarch)
    centos-7.7:  From       : /etc/pki/rpm-gpg/RPM-GPG-KEY-elrepo.org
    centos-7.7: Running transaction check
    centos-7.7: Running transaction test
    centos-7.7: Transaction test succeeded
    centos-7.7: Running transaction
    centos-7.7:   Installing : kernel-ml-5.12.5-1.el7.elrepo.x86_64                         1/1
    centos-7.7:   Verifying  : kernel-ml-5.12.5-1.el7.elrepo.x86_64                         1/1
    centos-7.7:
    centos-7.7: Installed:
    centos-7.7:   kernel-ml.x86_64 0:5.12.5-1.el7.elrepo
    centos-7.7:
    centos-7.7: Complete!
    centos-7.7: Generating grub configuration file ...
    centos-7.7: Found linux image: /boot/vmlinuz-5.12.5-1.el7.elrepo.x86_64
    centos-7.7: Found initrd image: /boot/initramfs-5.12.5-1.el7.elrepo.x86_64.img
    centos-7.7: Found linux image: /boot/vmlinuz-0-rescue-18d08526254747ff9e369737b1f1528c
    centos-7.7: Found initrd image: /boot/initramfs-0-rescue-18d08526254747ff9e369737b1f1528c.img
    centos-7.7: done
    centos-7.7: Grub update done.
==> centos-7.7: Provisioning with shell script: scripts/stage-2-clean.sh
    centos-7.7: Loaded plugins: fastestmirror
    centos-7.7: Loading mirror speeds from cached hostfile
    centos-7.7:  * base: mirror.yandex.ru
    centos-7.7:  * elrepo: mirror.yandex.ru
    centos-7.7:  * extras: mirror.yandex.ru
    centos-7.7:  * updates: mirror.corbina.net
    centos-7.7: Resolving Dependencies
    centos-7.7: --> Running transaction check
    centos-7.7: ---> Package NetworkManager.x86_64 1:1.18.8-1.el7 will be updated
    centos-7.7: ---> Package NetworkManager.x86_64 1:1.18.8-2.el7_9 will be an update
    centos-7.7: ---> Package NetworkManager-libnm.x86_64 1:1.18.8-1.el7 will be updated
    centos-7.7: ---> Package NetworkManager-libnm.x86_64 1:1.18.8-2.el7_9 will be an update
    centos-7.7: ---> Package NetworkManager-team.x86_64 1:1.18.8-1.el7 will be updated
    centos-7.7: ---> Package NetworkManager-team.x86_64 1:1.18.8-2.el7_9 will be an update
    centos-7.7: ---> Package NetworkManager-tui.x86_64 1:1.18.8-1.el7 will be updated
    centos-7.7: ---> Package NetworkManager-tui.x86_64 1:1.18.8-2.el7_9 will be an update
    centos-7.7: ---> Package NetworkManager-wifi.x86_64 1:1.18.8-1.el7 will be updated
    centos-7.7: ---> Package NetworkManager-wifi.x86_64 1:1.18.8-2.el7_9 will be an update
    centos-7.7: ---> Package bind-export-libs.x86_64 32:9.11.4-26.P2.el7 will be updated
    centos-7.7: ---> Package bind-export-libs.x86_64 32:9.11.4-26.P2.el7_9.5 will be an update
    centos-7.7: ---> Package centos-release.x86_64 0:7-9.2009.0.el7.centos will be updated
    centos-7.7: ---> Package centos-release.x86_64 0:7-9.2009.1.el7.centos will be an update
    centos-7.7: ---> Package coreutils.x86_64 0:8.22-24.el7 will be updated
    centos-7.7: ---> Package coreutils.x86_64 0:8.22-24.el7_9.2 will be an update
    centos-7.7: ---> Package curl.x86_64 0:7.29.0-59.el7 will be updated
    centos-7.7: ---> Package curl.x86_64 0:7.29.0-59.el7_9.1 will be an update
    centos-7.7: ---> Package device-mapper.x86_64 7:1.02.170-6.el7 will be updated
    centos-7.7: ---> Package device-mapper.x86_64 7:1.02.170-6.el7_9.5 will be an update
    centos-7.7: ---> Package device-mapper-event.x86_64 7:1.02.170-6.el7 will be updated
    centos-7.7: ---> Package device-mapper-event.x86_64 7:1.02.170-6.el7_9.5 will be an update
    centos-7.7: ---> Package device-mapper-event-libs.x86_64 7:1.02.170-6.el7 will be updated
    centos-7.7: ---> Package device-mapper-event-libs.x86_64 7:1.02.170-6.el7_9.5 will be an update
    centos-7.7: ---> Package device-mapper-libs.x86_64 7:1.02.170-6.el7 will be updated
    centos-7.7: ---> Package device-mapper-libs.x86_64 7:1.02.170-6.el7_9.5 will be an update
    centos-7.7: ---> Package device-mapper-persistent-data.x86_64 0:0.8.5-3.el7 will be updated
    centos-7.7: ---> Package device-mapper-persistent-data.x86_64 0:0.8.5-3.el7_9.2 will be an update
    centos-7.7: ---> Package dmidecode.x86_64 1:3.2-5.el7 will be updated
    centos-7.7: ---> Package dmidecode.x86_64 1:3.2-5.el7_9.1 will be an update
    centos-7.7: ---> Package elrepo-release.noarch 0:7.0-3.el7.elrepo will be updated
    centos-7.7: ---> Package elrepo-release.noarch 0:7.0-5.el7.elrepo will be an update
    centos-7.7: ---> Package firewalld.noarch 0:0.6.3-11.el7 will be updated
    centos-7.7: ---> Package firewalld.noarch 0:0.6.3-13.el7_9 will be an update
    centos-7.7: ---> Package firewalld-filesystem.noarch 0:0.6.3-11.el7 will be updated
    centos-7.7: ---> Package firewalld-filesystem.noarch 0:0.6.3-13.el7_9 will be an update
    centos-7.7: ---> Package freetype.x86_64 0:2.8-14.el7 will be updated
    centos-7.7: ---> Package freetype.x86_64 0:2.8-14.el7_9.1 will be an update
    centos-7.7: ---> Package glib2.x86_64 0:2.56.1-7.el7 will be updated
    centos-7.7: ---> Package glib2.x86_64 0:2.56.1-8.el7 will be an update
    centos-7.7: ---> Package glibc.x86_64 0:2.17-317.el7 will be updated
    centos-7.7: ---> Package glibc.x86_64 0:2.17-324.el7_9 will be an update
    centos-7.7: ---> Package glibc-common.x86_64 0:2.17-317.el7 will be updated
    centos-7.7: ---> Package glibc-common.x86_64 0:2.17-324.el7_9 will be an update
    centos-7.7: ---> Package grub2.x86_64 1:2.02-0.86.el7.centos will be updated
    centos-7.7: ---> Package grub2.x86_64 1:2.02-0.87.el7.centos.6 will be an update
    centos-7.7: ---> Package grub2-common.noarch 1:2.02-0.86.el7.centos will be updated
    centos-7.7: ---> Package grub2-common.noarch 1:2.02-0.87.el7.centos.6 will be an update
    centos-7.7: ---> Package grub2-pc.x86_64 1:2.02-0.86.el7.centos will be updated
    centos-7.7: ---> Package grub2-pc.x86_64 1:2.02-0.87.el7.centos.6 will be an update
    centos-7.7: ---> Package grub2-pc-modules.noarch 1:2.02-0.86.el7.centos will be updated
    centos-7.7: ---> Package grub2-pc-modules.noarch 1:2.02-0.87.el7.centos.6 will be an update
    centos-7.7: ---> Package grub2-tools.x86_64 1:2.02-0.86.el7.centos will be updated
    centos-7.7: ---> Package grub2-tools.x86_64 1:2.02-0.87.el7.centos.6 will be an update
    centos-7.7: ---> Package grub2-tools-extra.x86_64 1:2.02-0.86.el7.centos will be updated
    centos-7.7: ---> Package grub2-tools-extra.x86_64 1:2.02-0.87.el7.centos.6 will be an update
    centos-7.7: ---> Package grub2-tools-minimal.x86_64 1:2.02-0.86.el7.centos will be updated
    centos-7.7: ---> Package grub2-tools-minimal.x86_64 1:2.02-0.87.el7.centos.6 will be an update
    centos-7.7: ---> Package initscripts.x86_64 0:9.49.53-1.el7 will be updated
    centos-7.7: ---> Package initscripts.x86_64 0:9.49.53-1.el7_9.1 will be an update
    centos-7.7: ---> Package iprutils.x86_64 0:2.4.17.1-3.el7 will be updated
    centos-7.7: ---> Package iprutils.x86_64 0:2.4.17.1-3.el7_7 will be an update
    centos-7.7: ---> Package iwl100-firmware.noarch 0:39.31.5.1-79.el7 will be updated
    centos-7.7: ---> Package iwl100-firmware.noarch 0:39.31.5.1-80.el7_9 will be an update
    centos-7.7: ---> Package iwl1000-firmware.noarch 1:39.31.5.1-79.el7 will be updated
    centos-7.7: ---> Package iwl1000-firmware.noarch 1:39.31.5.1-80.el7_9 will be an update
    centos-7.7: ---> Package iwl105-firmware.noarch 0:18.168.6.1-79.el7 will be updated
    centos-7.7: ---> Package iwl105-firmware.noarch 0:18.168.6.1-80.el7_9 will be an update
    centos-7.7: ---> Package iwl135-firmware.noarch 0:18.168.6.1-79.el7 will be updated
    centos-7.7: ---> Package iwl135-firmware.noarch 0:18.168.6.1-80.el7_9 will be an update
    centos-7.7: ---> Package iwl2000-firmware.noarch 0:18.168.6.1-79.el7 will be updated
    centos-7.7: ---> Package iwl2000-firmware.noarch 0:18.168.6.1-80.el7_9 will be an update
    centos-7.7: ---> Package iwl2030-firmware.noarch 0:18.168.6.1-79.el7 will be updated
    centos-7.7: ---> Package iwl2030-firmware.noarch 0:18.168.6.1-80.el7_9 will be an update
    centos-7.7: ---> Package iwl3160-firmware.noarch 0:25.30.13.0-79.el7 will be updated
    centos-7.7: ---> Package iwl3160-firmware.noarch 0:25.30.13.0-80.el7_9 will be an update
    centos-7.7: ---> Package iwl3945-firmware.noarch 0:15.32.2.9-79.el7 will be updated
    centos-7.7: ---> Package iwl3945-firmware.noarch 0:15.32.2.9-80.el7_9 will be an update
    centos-7.7: ---> Package iwl4965-firmware.noarch 0:228.61.2.24-79.el7 will be updated
    centos-7.7: ---> Package iwl4965-firmware.noarch 0:228.61.2.24-80.el7_9 will be an update
    centos-7.7: ---> Package iwl5000-firmware.noarch 0:8.83.5.1_1-79.el7 will be updated
    centos-7.7: ---> Package iwl5000-firmware.noarch 0:8.83.5.1_1-80.el7_9 will be an update
    centos-7.7: ---> Package iwl5150-firmware.noarch 0:8.24.2.2-79.el7 will be updated
    centos-7.7: ---> Package iwl5150-firmware.noarch 0:8.24.2.2-80.el7_9 will be an update
    centos-7.7: ---> Package iwl6000-firmware.noarch 0:9.221.4.1-79.el7 will be updated
    centos-7.7: ---> Package iwl6000-firmware.noarch 0:9.221.4.1-80.el7_9 will be an update
    centos-7.7: ---> Package iwl6000g2a-firmware.noarch 0:18.168.6.1-79.el7 will be updated
    centos-7.7: ---> Package iwl6000g2a-firmware.noarch 0:18.168.6.1-80.el7_9 will be an update
    centos-7.7: ---> Package iwl6000g2b-firmware.noarch 0:18.168.6.1-79.el7 will be updated
    centos-7.7: ---> Package iwl6000g2b-firmware.noarch 0:18.168.6.1-80.el7_9 will be an update
    centos-7.7: ---> Package iwl6050-firmware.noarch 0:41.28.5.1-79.el7 will be updated
    centos-7.7: ---> Package iwl6050-firmware.noarch 0:41.28.5.1-80.el7_9 will be an update
    centos-7.7: ---> Package iwl7260-firmware.noarch 0:25.30.13.0-79.el7 will be updated
    centos-7.7: ---> Package iwl7260-firmware.noarch 0:25.30.13.0-80.el7_9 will be an update
    centos-7.7: ---> Package kernel.x86_64 0:3.10.0-1160.25.1.el7 will be installed
    centos-7.7: ---> Package kernel-tools.x86_64 0:3.10.0-1160.el7 will be updated
    centos-7.7: ---> Package kernel-tools.x86_64 0:3.10.0-1160.25.1.el7 will be an update
    centos-7.7: ---> Package kernel-tools-libs.x86_64 0:3.10.0-1160.el7 will be updated
    centos-7.7: ---> Package kernel-tools-libs.x86_64 0:3.10.0-1160.25.1.el7 will be an update
    centos-7.7: ---> Package kexec-tools.x86_64 0:2.0.15-51.el7 will be updated
    centos-7.7: ---> Package kexec-tools.x86_64 0:2.0.15-51.el7_9.2 will be an update
    centos-7.7: ---> Package kpartx.x86_64 0:0.4.9-133.el7 will be updated
    centos-7.7: ---> Package kpartx.x86_64 0:0.4.9-134.el7_9 will be an update
    centos-7.7: ---> Package libblkid.x86_64 0:2.23.2-65.el7 will be updated
    centos-7.7: ---> Package libblkid.x86_64 0:2.23.2-65.el7_9.1 will be an update
    centos-7.7: ---> Package libcroco.x86_64 0:0.6.12-4.el7 will be updated
    centos-7.7: ---> Package libcroco.x86_64 0:0.6.12-6.el7_9 will be an update
    centos-7.7: ---> Package libcurl.x86_64 0:7.29.0-59.el7 will be updated
    centos-7.7: ---> Package libcurl.x86_64 0:7.29.0-59.el7_9.1 will be an update
    centos-7.7: ---> Package libmount.x86_64 0:2.23.2-65.el7 will be updated
    centos-7.7: ---> Package libmount.x86_64 0:2.23.2-65.el7_9.1 will be an update
    centos-7.7: ---> Package libsmartcols.x86_64 0:2.23.2-65.el7 will be updated
    centos-7.7: ---> Package libsmartcols.x86_64 0:2.23.2-65.el7_9.1 will be an update
    centos-7.7: ---> Package libuuid.x86_64 0:2.23.2-65.el7 will be updated
    centos-7.7: ---> Package libuuid.x86_64 0:2.23.2-65.el7_9.1 will be an update
    centos-7.7: ---> Package linux-firmware.noarch 0:20200421-79.git78c0348.el7 will be updated
    centos-7.7: ---> Package linux-firmware.noarch 0:20200421-80.git78c0348.el7_9 will be an update
    centos-7.7: ---> Package lvm2.x86_64 7:2.02.187-6.el7 will be updated
    centos-7.7: ---> Package lvm2.x86_64 7:2.02.187-6.el7_9.5 will be an update
    centos-7.7: ---> Package lvm2-libs.x86_64 7:2.02.187-6.el7 will be updated
    centos-7.7: ---> Package lvm2-libs.x86_64 7:2.02.187-6.el7_9.5 will be an update
    centos-7.7: ---> Package microcode_ctl.x86_64 2:2.1-73.el7 will be updated
    centos-7.7: ---> Package microcode_ctl.x86_64 2:2.1-73.8.el7_9 will be an update
    centos-7.7: ---> Package nspr.x86_64 0:4.21.0-1.el7 will be updated
    centos-7.7: ---> Package nspr.x86_64 0:4.25.0-2.el7_9 will be an update
    centos-7.7: ---> Package nss.x86_64 0:3.44.0-7.el7_7 will be updated
    centos-7.7: ---> Package nss.x86_64 0:3.53.1-7.el7_9 will be an update
    centos-7.7: ---> Package nss-softokn.x86_64 0:3.44.0-8.el7_7 will be updated
    centos-7.7: ---> Package nss-softokn.x86_64 0:3.53.1-6.el7_9 will be an update
    centos-7.7: ---> Package nss-softokn-freebl.x86_64 0:3.44.0-8.el7_7 will be updated
    centos-7.7: ---> Package nss-softokn-freebl.x86_64 0:3.53.1-6.el7_9 will be an update
    centos-7.7: ---> Package nss-sysinit.x86_64 0:3.44.0-7.el7_7 will be updated
    centos-7.7: ---> Package nss-sysinit.x86_64 0:3.53.1-7.el7_9 will be an update
    centos-7.7: ---> Package nss-tools.x86_64 0:3.44.0-7.el7_7 will be updated
    centos-7.7: ---> Package nss-tools.x86_64 0:3.53.1-7.el7_9 will be an update
    centos-7.7: ---> Package nss-util.x86_64 0:3.44.0-4.el7_7 will be updated
    centos-7.7: ---> Package nss-util.x86_64 0:3.53.1-1.el7_9 will be an update
    centos-7.7: ---> Package openldap.x86_64 0:2.4.44-22.el7 will be updated
    centos-7.7: ---> Package openldap.x86_64 0:2.4.44-23.el7_9 will be an update
    centos-7.7: ---> Package openssl.x86_64 1:1.0.2k-19.el7 will be updated
    centos-7.7: ---> Package openssl.x86_64 1:1.0.2k-21.el7_9 will be an update
    centos-7.7: ---> Package openssl-libs.x86_64 1:1.0.2k-19.el7 will be updated
    centos-7.7: ---> Package openssl-libs.x86_64 1:1.0.2k-21.el7_9 will be an update
    centos-7.7: ---> Package python.x86_64 0:2.7.5-89.el7 will be updated
    centos-7.7: ---> Package python.x86_64 0:2.7.5-90.el7 will be an update
    centos-7.7: ---> Package python-firewall.noarch 0:0.6.3-11.el7 will be updated
    centos-7.7: ---> Package python-firewall.noarch 0:0.6.3-13.el7_9 will be an update
    centos-7.7: ---> Package python-libs.x86_64 0:2.7.5-89.el7 will be updated
    centos-7.7: ---> Package python-libs.x86_64 0:2.7.5-90.el7 will be an update
    centos-7.7: ---> Package python-perf.x86_64 0:3.10.0-1160.el7 will be updated
    centos-7.7: ---> Package python-perf.x86_64 0:3.10.0-1160.25.1.el7 will be an update
    centos-7.7: ---> Package rsyslog.x86_64 0:8.24.0-55.el7 will be updated
    centos-7.7: ---> Package rsyslog.x86_64 0:8.24.0-57.el7_9 will be an update
    centos-7.7: ---> Package selinux-policy.noarch 0:3.13.1-268.el7 will be updated
    centos-7.7: ---> Package selinux-policy.noarch 0:3.13.1-268.el7_9.2 will be an update
    centos-7.7: ---> Package selinux-policy-targeted.noarch 0:3.13.1-268.el7 will be updated
    centos-7.7: ---> Package selinux-policy-targeted.noarch 0:3.13.1-268.el7_9.2 will be an update
    centos-7.7: ---> Package sudo.x86_64 0:1.8.23-10.el7 will be updated
    centos-7.7: ---> Package sudo.x86_64 0:1.8.23-10.el7_9.1 will be an update
    centos-7.7: ---> Package systemd.x86_64 0:219-78.el7 will be updated
    centos-7.7: ---> Package systemd.x86_64 0:219-78.el7_9.3 will be an update
    centos-7.7: ---> Package systemd-libs.x86_64 0:219-78.el7 will be updated
    centos-7.7: ---> Package systemd-libs.x86_64 0:219-78.el7_9.3 will be an update
    centos-7.7: ---> Package systemd-sysv.x86_64 0:219-78.el7 will be updated
    centos-7.7: ---> Package systemd-sysv.x86_64 0:219-78.el7_9.3 will be an update
    centos-7.7: ---> Package tuned.noarch 0:2.11.0-9.el7 will be updated
    centos-7.7: ---> Package tuned.noarch 0:2.11.0-11.el7_9 will be an update
    centos-7.7: ---> Package tzdata.noarch 0:2020a-1.el7 will be updated
    centos-7.7: ---> Package tzdata.noarch 0:2021a-1.el7 will be an update
    centos-7.7: ---> Package util-linux.x86_64 0:2.23.2-65.el7 will be updated
    centos-7.7: ---> Package util-linux.x86_64 0:2.23.2-65.el7_9.1 will be an update
    centos-7.7: ---> Package vim-minimal.x86_64 2:7.4.629-7.el7 will be updated
    centos-7.7: ---> Package vim-minimal.x86_64 2:7.4.629-8.el7_9 will be an update
    centos-7.7: ---> Package wpa_supplicant.x86_64 1:2.6-12.el7 will be updated
    centos-7.7: ---> Package wpa_supplicant.x86_64 1:2.6-12.el7_9.2 will be an update
    centos-7.7: ---> Package zlib.x86_64 0:1.2.7-18.el7 will be updated
    centos-7.7: ---> Package zlib.x86_64 0:1.2.7-19.el7_9 will be an update
    centos-7.7: --> Finished Dependency Resolution
    centos-7.7:
    centos-7.7: Dependencies Resolved
    centos-7.7:
    centos-7.7: ================================================================================
    centos-7.7:  Package                      Arch   Version                      Repository
    centos-7.7:                                                                            Size
    centos-7.7: ================================================================================
    centos-7.7: Installing:
    centos-7.7:  kernel                       x86_64 3.10.0-1160.25.1.el7         updates  50 M
    centos-7.7: Updating:
    centos-7.7:  NetworkManager               x86_64 1:1.18.8-2.el7_9             updates 1.9 M
    centos-7.7:  NetworkManager-libnm         x86_64 1:1.18.8-2.el7_9             updates 1.7 M
    centos-7.7:  NetworkManager-team          x86_64 1:1.18.8-2.el7_9             updates 165 k
    centos-7.7:  NetworkManager-tui           x86_64 1:1.18.8-2.el7_9             updates 329 k
    centos-7.7:  NetworkManager-wifi          x86_64 1:1.18.8-2.el7_9             updates 202 k
    centos-7.7:  bind-export-libs             x86_64 32:9.11.4-26.P2.el7_9.5      updates 1.1 M
    centos-7.7:  centos-release               x86_64 7-9.2009.1.el7.centos        updates  27 k
    centos-7.7:  coreutils                    x86_64 8.22-24.el7_9.2              updates 3.3 M
    centos-7.7:  curl                         x86_64 7.29.0-59.el7_9.1            updates 271 k
    centos-7.7:  device-mapper                x86_64 7:1.02.170-6.el7_9.5         updates 297 k
    centos-7.7:  device-mapper-event          x86_64 7:1.02.170-6.el7_9.5         updates 192 k
    centos-7.7:  device-mapper-event-libs     x86_64 7:1.02.170-6.el7_9.5         updates 192 k
    centos-7.7:  device-mapper-libs           x86_64 7:1.02.170-6.el7_9.5         updates 325 k
    centos-7.7:  device-mapper-persistent-data
    centos-7.7:                               x86_64 0.8.5-3.el7_9.2              updates 423 k
    centos-7.7:  dmidecode                    x86_64 1:3.2-5.el7_9.1              updates  82 k
    centos-7.7:  elrepo-release               noarch 7.0-5.el7.elrepo             elrepo  8.6 k
    centos-7.7:  firewalld                    noarch 0.6.3-13.el7_9               updates 449 k
    centos-7.7:  firewalld-filesystem         noarch 0.6.3-13.el7_9               updates  51 k
    centos-7.7:  freetype                     x86_64 2.8-14.el7_9.1               updates 380 k
    centos-7.7:  glib2                        x86_64 2.56.1-8.el7                 updates 2.5 M
    centos-7.7:  glibc                        x86_64 2.17-324.el7_9               updates 3.6 M
    centos-7.7:  glibc-common                 x86_64 2.17-324.el7_9               updates  12 M
    centos-7.7:  grub2                        x86_64 1:2.02-0.87.el7.centos.6     updates  34 k
    centos-7.7:  grub2-common                 noarch 1:2.02-0.87.el7.centos.6     updates 732 k
    centos-7.7:  grub2-pc                     x86_64 1:2.02-0.87.el7.centos.6     updates  34 k
    centos-7.7:  grub2-pc-modules             noarch 1:2.02-0.87.el7.centos.6     updates 858 k
    centos-7.7:  grub2-tools                  x86_64 1:2.02-0.87.el7.centos.6     updates 1.8 M
    centos-7.7:  grub2-tools-extra            x86_64 1:2.02-0.87.el7.centos.6     updates 1.0 M
    centos-7.7:  grub2-tools-minimal          x86_64 1:2.02-0.87.el7.centos.6     updates 177 k
    centos-7.7:  initscripts                  x86_64 9.49.53-1.el7_9.1            updates 440 k
    centos-7.7:  iprutils                     x86_64 2.4.17.1-3.el7_7             updates 243 k
    centos-7.7:  iwl100-firmware              noarch 39.31.5.1-80.el7_9           updates 155 k
    centos-7.7:  iwl1000-firmware             noarch 1:39.31.5.1-80.el7_9         updates 215 k
    centos-7.7:  iwl105-firmware              noarch 18.168.6.1-80.el7_9          updates 234 k
    centos-7.7:  iwl135-firmware              noarch 18.168.6.1-80.el7_9          updates 243 k
    centos-7.7:  iwl2000-firmware             noarch 18.168.6.1-80.el7_9          updates 237 k
    centos-7.7:  iwl2030-firmware             noarch 18.168.6.1-80.el7_9          updates 245 k
    centos-7.7:  iwl3160-firmware             noarch 25.30.13.0-80.el7_9          updates 1.5 M
    centos-7.7:  iwl3945-firmware             noarch 15.32.2.9-80.el7_9           updates  96 k
    centos-7.7:  iwl4965-firmware             noarch 228.61.2.24-80.el7_9         updates 109 k
    centos-7.7:  iwl5000-firmware             noarch 8.83.5.1_1-80.el7_9          updates 289 k
    centos-7.7:  iwl5150-firmware             noarch 8.24.2.2-80.el7_9            updates 152 k
    centos-7.7:  iwl6000-firmware             noarch 9.221.4.1-80.el7_9           updates 171 k
    centos-7.7:  iwl6000g2a-firmware          noarch 18.168.6.1-80.el7_9          updates 304 k
    centos-7.7:  iwl6000g2b-firmware          noarch 18.168.6.1-80.el7_9          updates 305 k
    centos-7.7:  iwl6050-firmware             noarch 41.28.5.1-80.el7_9           updates 241 k
    centos-7.7:  iwl7260-firmware             noarch 25.30.13.0-80.el7_9          updates 6.1 M
    centos-7.7:  kernel-tools                 x86_64 3.10.0-1160.25.1.el7         updates 8.1 M
    centos-7.7:  kernel-tools-libs            x86_64 3.10.0-1160.25.1.el7         updates 8.0 M
    centos-7.7:  kexec-tools                  x86_64 2.0.15-51.el7_9.2            updates 351 k
    centos-7.7:  kpartx                       x86_64 0.4.9-134.el7_9              updates  81 k
    centos-7.7:  libblkid                     x86_64 2.23.2-65.el7_9.1            updates 183 k
    centos-7.7:  libcroco                     x86_64 0.6.12-6.el7_9               updates 105 k
    centos-7.7:  libcurl                      x86_64 7.29.0-59.el7_9.1            updates 223 k
    centos-7.7:  libmount                     x86_64 2.23.2-65.el7_9.1            updates 185 k
    centos-7.7:  libsmartcols                 x86_64 2.23.2-65.el7_9.1            updates 143 k
    centos-7.7:  libuuid                      x86_64 2.23.2-65.el7_9.1            updates  84 k
    centos-7.7:  linux-firmware               noarch 20200421-80.git78c0348.el7_9 updates  80 M
    centos-7.7:  lvm2                         x86_64 7:2.02.187-6.el7_9.5         updates 1.3 M
    centos-7.7:  lvm2-libs                    x86_64 7:2.02.187-6.el7_9.5         updates 1.1 M
    centos-7.7:  microcode_ctl                x86_64 2:2.1-73.8.el7_9             updates 3.3 M
    centos-7.7:  nspr                         x86_64 4.25.0-2.el7_9               updates 127 k
    centos-7.7:  nss                          x86_64 3.53.1-7.el7_9               updates 869 k
    centos-7.7:  nss-softokn                  x86_64 3.53.1-6.el7_9               updates 354 k
    centos-7.7:  nss-softokn-freebl           x86_64 3.53.1-6.el7_9               updates 322 k
    centos-7.7:  nss-sysinit                  x86_64 3.53.1-7.el7_9               updates  66 k
    centos-7.7:  nss-tools                    x86_64 3.53.1-7.el7_9               updates 535 k
    centos-7.7:  nss-util                     x86_64 3.53.1-1.el7_9               updates  79 k
    centos-7.7:  openldap                     x86_64 2.4.44-23.el7_9              updates 356 k
    centos-7.7:  openssl                      x86_64 1:1.0.2k-21.el7_9            updates 493 k
    centos-7.7:  openssl-libs                 x86_64 1:1.0.2k-21.el7_9            updates 1.2 M
    centos-7.7:  python                       x86_64 2.7.5-90.el7                 updates  96 k
    centos-7.7:  python-firewall              noarch 0.6.3-13.el7_9               updates 355 k
    centos-7.7:  python-libs                  x86_64 2.7.5-90.el7                 updates 5.6 M
    centos-7.7:  python-perf                  x86_64 3.10.0-1160.25.1.el7         updates 8.1 M
    centos-7.7:  rsyslog                      x86_64 8.24.0-57.el7_9              updates 621 k
    centos-7.7:  selinux-policy               noarch 3.13.1-268.el7_9.2           updates 498 k
    centos-7.7:  selinux-policy-targeted      noarch 3.13.1-268.el7_9.2           updates 7.0 M
    centos-7.7:  sudo                         x86_64 1.8.23-10.el7_9.1            updates 843 k
    centos-7.7:  systemd                      x86_64 219-78.el7_9.3               updates 5.1 M
    centos-7.7:  systemd-libs                 x86_64 219-78.el7_9.3               updates 418 k
    centos-7.7:  systemd-sysv                 x86_64 219-78.el7_9.3               updates  97 k
    centos-7.7:  tuned                        noarch 2.11.0-11.el7_9              updates 269 k
    centos-7.7:  tzdata                       noarch 2021a-1.el7                  updates 501 k
    centos-7.7:  util-linux                   x86_64 2.23.2-65.el7_9.1            updates 2.0 M
    centos-7.7:  vim-minimal                  x86_64 2:7.4.629-8.el7_9            updates 443 k
    centos-7.7:  wpa_supplicant               x86_64 1:2.6-12.el7_9.2             updates 1.2 M
    centos-7.7:  zlib                         x86_64 1.2.7-19.el7_9               updates  90 k
    centos-7.7:
    centos-7.7: Transaction Summary
    centos-7.7: ================================================================================
    centos-7.7: Install   1 Package
    centos-7.7: Upgrade  88 Packages
    centos-7.7:
    centos-7.7: Total download size: 236 M
    centos-7.7: Downloading packages:
    centos-7.7: Delta RPMs disabled because /usr/bin/applydeltarpm not installed.
    centos-7.7: warning: /var/cache/yum/x86_64/7/updates/packages/NetworkManager-team-1.18.8-2.el7_9.x86_64.rpm: Header V3 RSA/SHA256 Signature, key ID f4a80eb5: NOKEY
    centos-7.7: Public key for NetworkManager-team-1.18.8-2.el7_9.x86_64.rpm is not installed
    centos-7.7: (1/89): NetworkManager-team-1.18.8-2.el7_9.x86_64.rpm      | 165 kB   00:00
    centos-7.7: (2/89): NetworkManager-tui-1.18.8-2.el7_9.x86_64.rpm       | 329 kB   00:00
    centos-7.7: (3/89): NetworkManager-wifi-1.18.8-2.el7_9.x86_64.rpm      | 202 kB   00:00
    centos-7.7: (4/89): centos-release-7-9.2009.1.el7.centos.x86_64.rpm    |  27 kB   00:00
    centos-7.7: (5/89): bind-export-libs-9.11.4-26.P2.el7_9.5.x86_64.rpm   | 1.1 MB   00:00
    centos-7.7: (6/89): NetworkManager-libnm-1.18.8-2.el7_9.x86_64.rpm     | 1.7 MB   00:00
    centos-7.7: (7/89): curl-7.29.0-59.el7_9.1.x86_64.rpm                  | 271 kB   00:00
    centos-7.7: (8/89): device-mapper-1.02.170-6.el7_9.5.x86_64.rpm        | 297 kB   00:00
    centos-7.7: (9/89): device-mapper-event-libs-1.02.170-6.el7_9.5.x86_64 | 192 kB   00:00
    centos-7.7: (10/89): device-mapper-libs-1.02.170-6.el7_9.5.x86_64.rpm  | 325 kB   00:00
    centos-7.7: (11/89): device-mapper-persistent-data-0.8.5-3.el7_9.2.x86 | 423 kB   00:00
    centos-7.7: (12/89): device-mapper-event-1.02.170-6.el7_9.5.x86_64.rpm | 192 kB   00:00
    centos-7.7: (13/89): dmidecode-3.2-5.el7_9.1.x86_64.rpm                |  82 kB   00:00
    centos-7.7: (14/89): coreutils-8.22-24.el7_9.2.x86_64.rpm              | 3.3 MB   00:00
    centos-7.7: (15/89): firewalld-filesystem-0.6.3-13.el7_9.noarch.rpm    |  51 kB   00:00
    centos-7.7: (16/89): firewalld-0.6.3-13.el7_9.noarch.rpm               | 449 kB   00:00
    centos-7.7: (17/89): glib2-2.56.1-8.el7.x86_64.rpm                     | 2.5 MB   00:00
    centos-7.7: (18/89): NetworkManager-1.18.8-2.el7_9.x86_64.rpm          | 1.9 MB   00:01
    centos-7.7: (19/89): grub2-2.02-0.87.el7.centos.6.x86_64.rpm           |  34 kB   00:00
    centos-7.7: (20/89): freetype-2.8-14.el7_9.1.x86_64.rpm                | 380 kB   00:00
    centos-7.7: (21/89): elrepo-release-7.0-5.el7.elrepo.noarch.rpm        | 8.6 kB   00:00
    centos-7.7: (22/89): grub2-pc-2.02-0.87.el7.centos.6.x86_64.rpm        |  34 kB   00:00
    centos-7.7: (23/89): grub2-common-2.02-0.87.el7.centos.6.noarch.rpm    | 732 kB   00:00
    centos-7.7: (24/89): glibc-2.17-324.el7_9.x86_64.rpm                   | 3.6 MB   00:00
    centos-7.7: (25/89): grub2-tools-minimal-2.02-0.87.el7.centos.6.x86_64 | 177 kB   00:00
    centos-7.7: (26/89): grub2-pc-modules-2.02-0.87.el7.centos.6.noarch.rp | 858 kB   00:00
    centos-7.7: (27/89): grub2-tools-2.02-0.87.el7.centos.6.x86_64.rpm     | 1.8 MB   00:00
    centos-7.7: (28/89): iprutils-2.4.17.1-3.el7_7.x86_64.rpm              | 243 kB   00:00
    centos-7.7: (29/89): initscripts-9.49.53-1.el7_9.1.x86_64.rpm          | 440 kB   00:00
    centos-7.7: (30/89): iwl1000-firmware-39.31.5.1-80.el7_9.noarch.rpm    | 215 kB   00:00
    centos-7.7: (31/89): iwl100-firmware-39.31.5.1-80.el7_9.noarch.rpm     | 155 kB   00:00
    centos-7.7: (32/89): iwl105-firmware-18.168.6.1-80.el7_9.noarch.rpm    | 234 kB   00:00
    centos-7.7: (33/89): grub2-tools-extra-2.02-0.87.el7.centos.6.x86_64.r | 1.0 MB   00:00
    centos-7.7: (34/89): iwl135-firmware-18.168.6.1-80.el7_9.noarch.rpm    | 243 kB   00:00
    centos-7.7: (35/89): iwl2000-firmware-18.168.6.1-80.el7_9.noarch.rpm   | 237 kB   00:00
    centos-7.7: (36/89): iwl3945-firmware-15.32.2.9-80.el7_9.noarch.rpm    |  96 kB   00:00
    centos-7.7: (37/89): iwl2030-firmware-18.168.6.1-80.el7_9.noarch.rpm   | 245 kB   00:00
    centos-7.7: (38/89): iwl5000-firmware-8.83.5.1_1-80.el7_9.noarch.rpm   | 289 kB   00:00
    centos-7.7: (39/89): iwl4965-firmware-228.61.2.24-80.el7_9.noarch.rpm  | 109 kB   00:00
    centos-7.7: (40/89): iwl5150-firmware-8.24.2.2-80.el7_9.noarch.rpm     | 152 kB   00:00
    centos-7.7: (41/89): iwl6000-firmware-9.221.4.1-80.el7_9.noarch.rpm    | 171 kB   00:00
    centos-7.7: (42/89): glibc-common-2.17-324.el7_9.x86_64.rpm            |  12 MB   00:00
    centos-7.7: (43/89): iwl6050-firmware-41.28.5.1-80.el7_9.noarch.rpm    | 241 kB   00:00
    centos-7.7: (44/89): iwl6000g2a-firmware-18.168.6.1-80.el7_9.noarch.rp | 304 kB   00:00
    centos-7.7: (45/89): iwl6000g2b-firmware-18.168.6.1-80.el7_9.noarch.rp | 305 kB   00:00
    centos-7.7: (46/89): iwl3160-firmware-25.30.13.0-80.el7_9.noarch.rpm   | 1.5 MB   00:00
    centos-7.7: (47/89): kexec-tools-2.0.15-51.el7_9.2.x86_64.rpm          | 351 kB   00:00
    centos-7.7: (48/89): kpartx-0.4.9-134.el7_9.x86_64.rpm                 |  81 kB   00:00
    centos-7.7: (49/89): iwl7260-firmware-25.30.13.0-80.el7_9.noarch.rpm   | 6.1 MB   00:00
    centos-7.7: (50/89): libblkid-2.23.2-65.el7_9.1.x86_64.rpm             | 183 kB   00:00
    centos-7.7: (51/89): libcroco-0.6.12-6.el7_9.x86_64.rpm                | 105 kB   00:00
    centos-7.7: (52/89): libcurl-7.29.0-59.el7_9.1.x86_64.rpm              | 223 kB   00:00
    centos-7.7: (53/89): libmount-2.23.2-65.el7_9.1.x86_64.rpm             | 185 kB   00:00
    centos-7.7: (54/89): kernel-tools-3.10.0-1160.25.1.el7.x86_64.rpm      | 8.1 MB   00:00
    centos-7.7: (55/89): libsmartcols-2.23.2-65.el7_9.1.x86_64.rpm         | 143 kB   00:00
    centos-7.7: (56/89): libuuid-2.23.2-65.el7_9.1.x86_64.rpm              |  84 kB   00:00
    centos-7.7: (57/89): lvm2-2.02.187-6.el7_9.5.x86_64.rpm                | 1.3 MB   00:00
    centos-7.7: (58/89): microcode_ctl-2.1-73.8.el7_9.x86_64.rpm           | 3.3 MB   00:00
    centos-7.7: (59/89): lvm2-libs-2.02.187-6.el7_9.5.x86_64.rpm           | 1.1 MB   00:00
    centos-7.7: (60/89): nspr-4.25.0-2.el7_9.x86_64.rpm                    | 127 kB   00:00
    centos-7.7: (61/89): nss-softokn-3.53.1-6.el7_9.x86_64.rpm             | 354 kB   00:00
    centos-7.7: (62/89): nss-3.53.1-7.el7_9.x86_64.rpm                     | 869 kB   00:00
    centos-7.7: (63/89): nss-softokn-freebl-3.53.1-6.el7_9.x86_64.rpm      | 322 kB   00:00
    centos-7.7: (64/89): nss-sysinit-3.53.1-7.el7_9.x86_64.rpm             |  66 kB   00:00
    centos-7.7: (65/89): nss-util-3.53.1-1.el7_9.x86_64.rpm                |  79 kB   00:00
    centos-7.7: (66/89): openldap-2.4.44-23.el7_9.x86_64.rpm               | 356 kB   00:00
    centos-7.7: (67/89): nss-tools-3.53.1-7.el7_9.x86_64.rpm               | 535 kB   00:00
    centos-7.7: (68/89): openssl-1.0.2k-21.el7_9.x86_64.rpm                | 493 kB   00:00
    centos-7.7: (69/89): python-2.7.5-90.el7.x86_64.rpm                    |  96 kB   00:00
    centos-7.7: (70/89): openssl-libs-1.0.2k-21.el7_9.x86_64.rpm           | 1.2 MB   00:00
    centos-7.7: (71/89): python-firewall-0.6.3-13.el7_9.noarch.rpm         | 355 kB   00:00
    centos-7.7: (72/89): kernel-tools-libs-3.10.0-1160.25.1.el7.x86_64.rpm | 8.0 MB   00:01
    centos-7.7: (73/89): python-perf-3.10.0-1160.25.1.el7.x86_64.rpm       | 8.1 MB   00:00
    centos-7.7: (74/89): python-libs-2.7.5-90.el7.x86_64.rpm               | 5.6 MB   00:00
    centos-7.7: (75/89): selinux-policy-3.13.1-268.el7_9.2.noarch.rpm      | 498 kB   00:00
    centos-7.7: (76/89): rsyslog-8.24.0-57.el7_9.x86_64.rpm                | 621 kB   00:00
    centos-7.7: (77/89): sudo-1.8.23-10.el7_9.1.x86_64.rpm                 | 843 kB   00:00
    centos-7.7: (78/89): systemd-libs-219-78.el7_9.3.x86_64.rpm            | 418 kB   00:00
    centos-7.7: (79/89): systemd-sysv-219-78.el7_9.3.x86_64.rpm            |  97 kB   00:00
    centos-7.7: (80/89): tuned-2.11.0-11.el7_9.noarch.rpm                  | 269 kB   00:00
    centos-7.7: (81/89): tzdata-2021a-1.el7.noarch.rpm                     | 501 kB   00:00
    centos-7.7: (82/89): util-linux-2.23.2-65.el7_9.1.x86_64.rpm           | 2.0 MB   00:00
    centos-7.7: (83/89): vim-minimal-7.4.629-8.el7_9.x86_64.rpm            | 443 kB   00:00
    centos-7.7: (84/89): wpa_supplicant-2.6-12.el7_9.2.x86_64.rpm          | 1.2 MB   00:00
    centos-7.7: (85/89): zlib-1.2.7-19.el7_9.x86_64.rpm                    |  90 kB   00:00
    centos-7.7: (86/89): selinux-policy-targeted-3.13.1-268.el7_9.2.noarch | 7.0 MB   00:00
    centos-7.7: (87/89): systemd-219-78.el7_9.3.x86_64.rpm                 | 5.1 MB   00:00
    centos-7.7: (88/89): kernel-3.10.0-1160.25.1.el7.x86_64.rpm            |  50 MB   00:07
    centos-7.7: (89/89): linux-firmware-20200421-80.git78c0348.el7_9.noarc |  80 MB   00:08
    centos-7.7: --------------------------------------------------------------------------------
    centos-7.7: Total                                               22 MB/s | 236 MB  00:10
    centos-7.7: Retrieving key from file:///etc/pki/rpm-gpg/RPM-GPG-KEY-CentOS-7
    centos-7.7: Importing GPG key 0xF4A80EB5:
    centos-7.7:  Userid     : "CentOS-7 Key (CentOS 7 Official Signing Key) <security@centos.org>"
    centos-7.7:  Fingerprint: 6341 ab27 53d7 8a78 a7c2 7bb1 24c6 a8a7 f4a8 0eb5
    centos-7.7:  Package    : centos-release-7-9.2009.0.el7.centos.x86_64 (@anaconda)
    centos-7.7:  From       : /etc/pki/rpm-gpg/RPM-GPG-KEY-CentOS-7
    centos-7.7: Running transaction check
    centos-7.7: Running transaction test
    centos-7.7: Transaction test succeeded
    centos-7.7: Running transaction
    centos-7.7:   Updating   : 1:grub2-common-2.02-0.87.el7.centos.6.noarch               1/177
    centos-7.7:   Updating   : centos-release-7-9.2009.1.el7.centos.x86_64                2/177
    centos-7.7:   Updating   : 1:grub2-pc-modules-2.02-0.87.el7.centos.6.noarch           3/177
    centos-7.7:   Updating   : tzdata-2021a-1.el7.noarch                                  4/177
    centos-7.7:   Updating   : nss-softokn-freebl-3.53.1-6.el7_9.x86_64                   5/177
    centos-7.7:   Updating   : glibc-common-2.17-324.el7_9.x86_64                         6/177
    centos-7.7:   Updating   : glibc-2.17-324.el7_9.x86_64                                7/177
    centos-7.7:   Updating   : nspr-4.25.0-2.el7_9.x86_64                                 8/177
    centos-7.7:   Updating   : nss-util-3.53.1-1.el7_9.x86_64                             9/177
    centos-7.7:   Updating   : zlib-1.2.7-19.el7_9.x86_64                                10/177
    centos-7.7:   Updating   : systemd-libs-219-78.el7_9.3.x86_64                        11/177
    centos-7.7:   Updating   : libuuid-2.23.2-65.el7_9.1.x86_64                          12/177
    centos-7.7:   Updating   : 1:openssl-libs-1.0.2k-21.el7_9.x86_64                     13/177
    centos-7.7:   Updating   : coreutils-8.22-24.el7_9.2.x86_64                          14/177
    centos-7.7:   Updating   : libblkid-2.23.2-65.el7_9.1.x86_64                         15/177
    centos-7.7:   Updating   : libmount-2.23.2-65.el7_9.1.x86_64                         16/177
    centos-7.7:   Updating   : glib2-2.56.1-8.el7.x86_64                                 17/177
    centos-7.7:   Updating   : python-libs-2.7.5-90.el7.x86_64                           18/177
    centos-7.7:   Updating   : python-2.7.5-90.el7.x86_64                                19/177
    centos-7.7:   Updating   : nss-softokn-3.53.1-6.el7_9.x86_64                         20/177
    centos-7.7:   Updating   : nss-sysinit-3.53.1-7.el7_9.x86_64                         21/177
    centos-7.7:   Updating   : nss-3.53.1-7.el7_9.x86_64                                 22/177
    centos-7.7:   Updating   : 1:NetworkManager-libnm-1.18.8-2.el7_9.x86_64              23/177
    centos-7.7:   Updating   : nss-tools-3.53.1-7.el7_9.x86_64                           24/177
    centos-7.7:   Updating   : openldap-2.4.44-23.el7_9.x86_64                           25/177
    centos-7.7:   Updating   : libcurl-7.29.0-59.el7_9.1.x86_64                          26/177
    centos-7.7:   Updating   : systemd-219-78.el7_9.3.x86_64                             27/177
    centos-7.7:   Updating   : systemd-sysv-219-78.el7_9.3.x86_64                        28/177
    centos-7.7:   Updating   : 1:wpa_supplicant-2.6-12.el7_9.2.x86_64                    29/177
    centos-7.7:   Updating   : 1:NetworkManager-1.18.8-2.el7_9.x86_64                    30/177
    centos-7.7:   Updating   : python-firewall-0.6.3-13.el7_9.noarch                     31/177
    centos-7.7:   Updating   : python-perf-3.10.0-1160.25.1.el7.x86_64                   32/177
    centos-7.7:   Updating   : selinux-policy-3.13.1-268.el7_9.2.noarch                  33/177
    centos-7.7:   Updating   : freetype-2.8-14.el7_9.1.x86_64                            34/177
    centos-7.7:   Updating   : device-mapper-persistent-data-0.8.5-3.el7_9.2.x86_64      35/177
    centos-7.7:   Updating   : 2:vim-minimal-7.4.629-8.el7_9.x86_64                      36/177
    centos-7.7:   Updating   : libsmartcols-2.23.2-65.el7_9.1.x86_64                     37/177
    centos-7.7:   Updating   : util-linux-2.23.2-65.el7_9.1.x86_64                       38/177
    centos-7.7:   Updating   : 7:device-mapper-libs-1.02.170-6.el7_9.5.x86_64            39/177
    centos-7.7:   Updating   : 7:device-mapper-1.02.170-6.el7_9.5.x86_64                 40/177
    centos-7.7:   Updating   : 1:grub2-tools-minimal-2.02-0.87.el7.centos.6.x86_64       41/177
    centos-7.7:   Updating   : 7:device-mapper-event-libs-1.02.170-6.el7_9.5.x86_64      42/177
    centos-7.7:   Updating   : 1:grub2-tools-2.02-0.87.el7.centos.6.x86_64               43/177
    centos-7.7:   Updating   : 1:grub2-tools-extra-2.02-0.87.el7.centos.6.x86_64         44/177
    centos-7.7:   Updating   : 1:grub2-pc-2.02-0.87.el7.centos.6.x86_64                  45/177
    centos-7.7:   Updating   : 7:device-mapper-event-1.02.170-6.el7_9.5.x86_64           46/177
    centos-7.7:   Updating   : 7:lvm2-libs-2.02.187-6.el7_9.5.x86_64                     47/177
    centos-7.7:   Updating   : initscripts-9.49.53-1.el7_9.1.x86_64                      48/177
    centos-7.7:   Updating   : kernel-tools-libs-3.10.0-1160.25.1.el7.x86_64             49/177
    centos-7.7:   Updating   : firewalld-filesystem-0.6.3-13.el7_9.noarch                50/177
    centos-7.7:   Updating   : linux-firmware-20200421-80.git78c0348.el7_9.noarch        51/177
    centos-7.7:   Installing : kernel-3.10.0-1160.25.1.el7.x86_64                        52/177
    centos-7.7:   Updating   : firewalld-0.6.3-13.el7_9.noarch                           53/177
    centos-7.7:   Updating   : kernel-tools-3.10.0-1160.25.1.el7.x86_64                  54/177
    centos-7.7:   Updating   : 7:lvm2-2.02.187-6.el7_9.5.x86_64                          55/177
    centos-7.7:   Updating   : 1:grub2-2.02-0.87.el7.centos.6.x86_64                     56/177
    centos-7.7:   Updating   : kpartx-0.4.9-134.el7_9.x86_64                             57/177
    centos-7.7:   Updating   : tuned-2.11.0-11.el7_9.noarch                              58/177
    centos-7.7:   Updating   : sudo-1.8.23-10.el7_9.1.x86_64                             59/177
    centos-7.7:   Updating   : selinux-policy-targeted-3.13.1-268.el7_9.2.noarch         60/177
    centos-7.7:   Updating   : 1:NetworkManager-tui-1.18.8-2.el7_9.x86_64                61/177
    centos-7.7:   Updating   : 1:NetworkManager-team-1.18.8-2.el7_9.x86_64               62/177
    centos-7.7:   Updating   : 1:NetworkManager-wifi-1.18.8-2.el7_9.x86_64               63/177
    centos-7.7:   Updating   : rsyslog-8.24.0-57.el7_9.x86_64                            64/177
    centos-7.7:   Updating   : kexec-tools-2.0.15-51.el7_9.2.x86_64                      65/177
    centos-7.7:   Updating   : 2:microcode_ctl-2.1-73.8.el7_9.x86_64                     66/177
    centos-7.7:   Updating   : curl-7.29.0-59.el7_9.1.x86_64                             67/177
    centos-7.7:   Updating   : libcroco-0.6.12-6.el7_9.x86_64                            68/177
    centos-7.7:   Updating   : 1:openssl-1.0.2k-21.el7_9.x86_64                          69/177
    centos-7.7:   Updating   : 32:bind-export-libs-9.11.4-26.P2.el7_9.5.x86_64           70/177
    centos-7.7:   Updating   : iprutils-2.4.17.1-3.el7_7.x86_64                          71/177
    centos-7.7:   Updating   : 1:dmidecode-3.2-5.el7_9.1.x86_64                          72/177
    centos-7.7:   Updating   : elrepo-release-7.0-5.el7.elrepo.noarch                    73/177
    centos-7.7:   Updating   : iwl2000-firmware-18.168.6.1-80.el7_9.noarch               74/177
    centos-7.7:   Updating   : iwl2030-firmware-18.168.6.1-80.el7_9.noarch               75/177
    centos-7.7:   Updating   : iwl6050-firmware-41.28.5.1-80.el7_9.noarch                76/177
    centos-7.7:   Updating   : iwl135-firmware-18.168.6.1-80.el7_9.noarch                77/177
    centos-7.7:   Updating   : iwl3945-firmware-15.32.2.9-80.el7_9.noarch                78/177
    centos-7.7:   Updating   : iwl7260-firmware-25.30.13.0-80.el7_9.noarch               79/177
    centos-7.7:   Updating   : iwl105-firmware-18.168.6.1-80.el7_9.noarch                80/177
    centos-7.7:   Updating   : iwl6000g2a-firmware-18.168.6.1-80.el7_9.noarch            81/177
    centos-7.7:   Updating   : iwl4965-firmware-228.61.2.24-80.el7_9.noarch              82/177
    centos-7.7:   Updating   : 1:iwl1000-firmware-39.31.5.1-80.el7_9.noarch              83/177
    centos-7.7:   Updating   : iwl6000g2b-firmware-18.168.6.1-80.el7_9.noarch            84/177
    centos-7.7:   Updating   : iwl5000-firmware-8.83.5.1_1-80.el7_9.noarch               85/177
    centos-7.7:   Updating   : iwl100-firmware-39.31.5.1-80.el7_9.noarch                 86/177
    centos-7.7:   Updating   : iwl3160-firmware-25.30.13.0-80.el7_9.noarch               87/177
    centos-7.7:   Updating   : iwl6000-firmware-9.221.4.1-80.el7_9.noarch                88/177
    centos-7.7:   Updating   : iwl5150-firmware-8.24.2.2-80.el7_9.noarch                 89/177
    centos-7.7:   Cleanup    : 1:NetworkManager-tui-1.18.8-1.el7.x86_64                  90/177
    centos-7.7:   Cleanup    : 2:microcode_ctl-2.1-73.el7.x86_64                         91/177
    centos-7.7:   Cleanup    : tuned-2.11.0-9.el7.noarch                                 92/177
    centos-7.7:   Cleanup    : firewalld-0.6.3-11.el7.noarch                             93/177
    centos-7.7:   Cleanup    : 7:lvm2-2.02.187-6.el7.x86_64                              94/177
    centos-7.7:   Cleanup    : curl-7.29.0-59.el7.x86_64                                 95/177
    centos-7.7:   Cleanup    : 7:lvm2-libs-2.02.187-6.el7.x86_64                         96/177
    centos-7.7:   Cleanup    : 1:openssl-1.0.2k-19.el7.x86_64                            97/177
    centos-7.7:   Cleanup    : 7:device-mapper-event-1.02.170-6.el7.x86_64               98/177
    centos-7.7:   Cleanup    : initscripts-9.49.53-1.el7.x86_64                          99/177
    centos-7.7:   Cleanup    : sudo-1.8.23-10.el7.x86_64                                100/177
    centos-7.7:   Cleanup    : kexec-tools-2.0.15-51.el7.x86_64                         101/177
    centos-7.7:   Cleanup    : rsyslog-8.24.0-55.el7.x86_64                             102/177
    centos-7.7:   Cleanup    : 1:NetworkManager-wifi-1.18.8-1.el7.x86_64                103/177
    centos-7.7:   Cleanup    : python-perf-3.10.0-1160.el7.x86_64                       104/177
    centos-7.7:   Cleanup    : 1:NetworkManager-team-1.18.8-1.el7.x86_64                105/177
    centos-7.7:   Cleanup    : 1:NetworkManager-1.18.8-1.el7.x86_64                     106/177
    centos-7.7:   Cleanup    : 1:NetworkManager-libnm-1.18.8-1.el7.x86_64               107/177
    centos-7.7:   Cleanup    : 1:wpa_supplicant-2.6-12.el7.x86_64                       108/177
    centos-7.7:   Cleanup    : kernel-tools-3.10.0-1160.el7.x86_64                      109/177
    centos-7.7:   Cleanup    : 7:device-mapper-event-libs-1.02.170-6.el7.x86_64         110/177
    centos-7.7:   Cleanup    : libcroco-0.6.12-4.el7.x86_64                             111/177
    centos-7.7:   Cleanup    : glib2-2.56.1-7.el7.x86_64                                112/177
    centos-7.7:   Cleanup    : kpartx-0.4.9-133.el7.x86_64                              113/177
    centos-7.7:   Cleanup    : iprutils-2.4.17.1-3.el7.x86_64                           114/177
    centos-7.7:   Cleanup    : 32:bind-export-libs-9.11.4-26.P2.el7.x86_64              115/177
    centos-7.7:   Cleanup    : systemd-sysv-219-78.el7.x86_64                           116/177
    centos-7.7:   Cleanup    : selinux-policy-targeted-3.13.1-268.el7.noarch            117/177
    centos-7.7:   Cleanup    : selinux-policy-3.13.1-268.el7.noarch                     118/177
    centos-7.7:   Cleanup    : python-firewall-0.6.3-11.el7.noarch                      119/177
    centos-7.7:   Cleanup    : 1:grub2-2.02-0.86.el7.centos.x86_64                      120/177
    centos-7.7:   Cleanup    : 1:grub2-pc-2.02-0.86.el7.centos.x86_64                   121/177
    centos-7.7:   Cleanup    : 1:grub2-pc-modules-2.02-0.86.el7.centos.noarch           122/177
    centos-7.7:   Cleanup    : elrepo-release-7.0-3.el7.elrepo.noarch                   123/177
    centos-7.7:   Cleanup    : firewalld-filesystem-0.6.3-11.el7.noarch                 124/177
    centos-7.7:   Cleanup    : iwl2000-firmware-18.168.6.1-79.el7.noarch                125/177
    centos-7.7:   Cleanup    : iwl2030-firmware-18.168.6.1-79.el7.noarch                126/177
    centos-7.7:   Cleanup    : iwl6050-firmware-41.28.5.1-79.el7.noarch                 127/177
    centos-7.7:   Cleanup    : iwl135-firmware-18.168.6.1-79.el7.noarch                 128/177
    centos-7.7:   Cleanup    : iwl3945-firmware-15.32.2.9-79.el7.noarch                 129/177
    centos-7.7:   Cleanup    : iwl7260-firmware-25.30.13.0-79.el7.noarch                130/177
    centos-7.7:   Cleanup    : iwl105-firmware-18.168.6.1-79.el7.noarch                 131/177
    centos-7.7:   Cleanup    : iwl6000g2a-firmware-18.168.6.1-79.el7.noarch             132/177
    centos-7.7:   Cleanup    : iwl4965-firmware-228.61.2.24-79.el7.noarch               133/177
    centos-7.7:   Cleanup    : 1:iwl1000-firmware-39.31.5.1-79.el7.noarch               134/177
    centos-7.7:   Cleanup    : iwl6000g2b-firmware-18.168.6.1-79.el7.noarch             135/177
    centos-7.7:   Cleanup    : iwl5000-firmware-8.83.5.1_1-79.el7.noarch                136/177
    centos-7.7:   Cleanup    : iwl100-firmware-39.31.5.1-79.el7.noarch                  137/177
    centos-7.7:   Cleanup    : iwl3160-firmware-25.30.13.0-79.el7.noarch                138/177
    centos-7.7:   Cleanup    : iwl6000-firmware-9.221.4.1-79.el7.noarch                 139/177
    centos-7.7:   Cleanup    : iwl5150-firmware-8.24.2.2-79.el7.noarch                  140/177
    centos-7.7:   Cleanup    : linux-firmware-20200421-79.git78c0348.el7.noarch         141/177
    centos-7.7:   Cleanup    : 1:grub2-tools-extra-2.02-0.86.el7.centos.x86_64          142/177
    centos-7.7:   Cleanup    : 1:grub2-tools-2.02-0.86.el7.centos.x86_64                143/177
    centos-7.7:   Cleanup    : python-2.7.5-89.el7.x86_64                               144/177
    centos-7.7:   Cleanup    : python-libs-2.7.5-89.el7.x86_64                          145/177
    centos-7.7:   Cleanup    : 1:grub2-tools-minimal-2.02-0.86.el7.centos.x86_64        146/177
    centos-7.7:   Cleanup    : 7:device-mapper-1.02.170-6.el7.x86_64                    147/177
    centos-7.7:   Cleanup    : 7:device-mapper-libs-1.02.170-6.el7.x86_64               148/177
    centos-7.7:   Cleanup    : systemd-219-78.el7.x86_64                                149/177
    centos-7.7:   Cleanup    : util-linux-2.23.2-65.el7.x86_64                          150/177
    centos-7.7:   Cleanup    : libcurl-7.29.0-59.el7.x86_64                             151/177
    centos-7.7:   Cleanup    : openldap-2.4.44-22.el7.x86_64                            152/177
    centos-7.7:   Cleanup    : nss-tools-3.44.0-7.el7_7.x86_64                          153/177
    centos-7.7:   Cleanup    : nss-sysinit-3.44.0-7.el7_7.x86_64                        154/177
    centos-7.7:   Cleanup    : nss-3.44.0-7.el7_7.x86_64                                155/177
    centos-7.7:   Cleanup    : nss-softokn-3.44.0-8.el7_7.x86_64                        156/177
    centos-7.7:   Cleanup    : libmount-2.23.2-65.el7.x86_64                            157/177
    centos-7.7:   Cleanup    : libblkid-2.23.2-65.el7.x86_64                            158/177
    centos-7.7:   Cleanup    : coreutils-8.22-24.el7.x86_64                             159/177
    centos-7.7:   Cleanup    : 1:openssl-libs-1.0.2k-19.el7.x86_64                      160/177
    centos-7.7:   Cleanup    : freetype-2.8-14.el7.x86_64                               161/177
    centos-7.7:   Cleanup    : zlib-1.2.7-18.el7.x86_64                                 162/177
    centos-7.7:   Cleanup    : libuuid-2.23.2-65.el7.x86_64                             163/177
    centos-7.7:   Cleanup    : libsmartcols-2.23.2-65.el7.x86_64                        164/177
    centos-7.7:   Cleanup    : systemd-libs-219-78.el7.x86_64                           165/177
    centos-7.7:   Cleanup    : kernel-tools-libs-3.10.0-1160.el7.x86_64                 166/177
    centos-7.7:   Cleanup    : 2:vim-minimal-7.4.629-7.el7.x86_64                       167/177
    centos-7.7:   Cleanup    : device-mapper-persistent-data-0.8.5-3.el7.x86_64         168/177
    centos-7.7:   Cleanup    : 1:dmidecode-3.2-5.el7.x86_64                             169/177
    centos-7.7:   Cleanup    : centos-release-7-9.2009.0.el7.centos.x86_64              170/177
    centos-7.7:   Cleanup    : 1:grub2-common-2.02-0.86.el7.centos.noarch               171/177
    centos-7.7:   Cleanup    : glibc-common-2.17-317.el7.x86_64                         172/177
    centos-7.7:   Cleanup    : nspr-4.21.0-1.el7.x86_64                                 173/177
    centos-7.7:   Cleanup    : nss-util-3.44.0-4.el7_7.x86_64                           174/177
    centos-7.7:   Cleanup    : nss-softokn-freebl-3.44.0-8.el7_7.x86_64                 175/177
    centos-7.7:   Cleanup    : glibc-2.17-317.el7.x86_64                                176/177
    centos-7.7:   Cleanup    : tzdata-2020a-1.el7.noarch                                177/177
    centos-7.7:   Verifying  : 7:device-mapper-event-1.02.170-6.el7_9.5.x86_64            1/177
    centos-7.7:   Verifying  : 32:bind-export-libs-9.11.4-26.P2.el7_9.5.x86_64            2/177
    centos-7.7:   Verifying  : libblkid-2.23.2-65.el7_9.1.x86_64                          3/177
    centos-7.7:   Verifying  : linux-firmware-20200421-80.git78c0348.el7_9.noarch         4/177
    centos-7.7:   Verifying  : firewalld-filesystem-0.6.3-13.el7_9.noarch                 5/177
    centos-7.7:   Verifying  : nss-softokn-3.53.1-6.el7_9.x86_64                          6/177
    centos-7.7:   Verifying  : selinux-policy-targeted-3.13.1-268.el7_9.2.noarch          7/177
    centos-7.7:   Verifying  : iwl5150-firmware-8.24.2.2-80.el7_9.noarch                  8/177
    centos-7.7:   Verifying  : glibc-common-2.17-324.el7_9.x86_64                         9/177
    centos-7.7:   Verifying  : 1:NetworkManager-tui-1.18.8-2.el7_9.x86_64                10/177
    centos-7.7:   Verifying  : centos-release-7-9.2009.1.el7.centos.x86_64               11/177
    centos-7.7:   Verifying  : 1:grub2-common-2.02-0.87.el7.centos.6.noarch              12/177
    centos-7.7:   Verifying  : firewalld-0.6.3-13.el7_9.noarch                           13/177
    centos-7.7:   Verifying  : 1:openssl-1.0.2k-21.el7_9.x86_64                          14/177
    centos-7.7:   Verifying  : 7:lvm2-2.02.187-6.el7_9.5.x86_64                          15/177
    centos-7.7:   Verifying  : iwl6000-firmware-9.221.4.1-80.el7_9.noarch                16/177
    centos-7.7:   Verifying  : iwl3160-firmware-25.30.13.0-80.el7_9.noarch               17/177
    centos-7.7:   Verifying  : 1:NetworkManager-libnm-1.18.8-2.el7_9.x86_64              18/177
    centos-7.7:   Verifying  : libcurl-7.29.0-59.el7_9.1.x86_64                          19/177
    centos-7.7:   Verifying  : selinux-policy-3.13.1-268.el7_9.2.noarch                  20/177
    centos-7.7:   Verifying  : 1:openssl-libs-1.0.2k-21.el7_9.x86_64                     21/177
    centos-7.7:   Verifying  : 1:grub2-tools-minimal-2.02-0.87.el7.centos.6.x86_64       22/177
    centos-7.7:   Verifying  : python-libs-2.7.5-90.el7.x86_64                           23/177
    centos-7.7:   Verifying  : 7:device-mapper-1.02.170-6.el7_9.5.x86_64                 24/177
    centos-7.7:   Verifying  : nss-3.53.1-7.el7_9.x86_64                                 25/177
    centos-7.7:   Verifying  : freetype-2.8-14.el7_9.1.x86_64                            26/177
    centos-7.7:   Verifying  : rsyslog-8.24.0-57.el7_9.x86_64                            27/177
    centos-7.7:   Verifying  : 1:dmidecode-3.2-5.el7_9.1.x86_64                          28/177
    centos-7.7:   Verifying  : nss-util-3.53.1-1.el7_9.x86_64                            29/177
    centos-7.7:   Verifying  : libmount-2.23.2-65.el7_9.1.x86_64                         30/177
    centos-7.7:   Verifying  : tuned-2.11.0-11.el7_9.noarch                              31/177
    centos-7.7:   Verifying  : python-firewall-0.6.3-13.el7_9.noarch                     32/177
    centos-7.7:   Verifying  : initscripts-9.49.53-1.el7_9.1.x86_64                      33/177
    centos-7.7:   Verifying  : device-mapper-persistent-data-0.8.5-3.el7_9.2.x86_64      34/177
    centos-7.7:   Verifying  : elrepo-release-7.0-5.el7.elrepo.noarch                    35/177
    centos-7.7:   Verifying  : systemd-sysv-219-78.el7_9.3.x86_64                        36/177
    centos-7.7:   Verifying  : nss-softokn-freebl-3.53.1-6.el7_9.x86_64                  37/177
    centos-7.7:   Verifying  : 1:grub2-pc-modules-2.02-0.87.el7.centos.6.noarch          38/177
    centos-7.7:   Verifying  : iprutils-2.4.17.1-3.el7_7.x86_64                          39/177
    centos-7.7:   Verifying  : python-perf-3.10.0-1160.25.1.el7.x86_64                   40/177
    centos-7.7:   Verifying  : 1:grub2-tools-extra-2.02-0.87.el7.centos.6.x86_64         41/177
    centos-7.7:   Verifying  : curl-7.29.0-59.el7_9.1.x86_64                             42/177
    centos-7.7:   Verifying  : iwl100-firmware-39.31.5.1-80.el7_9.noarch                 43/177
    centos-7.7:   Verifying  : 2:vim-minimal-7.4.629-8.el7_9.x86_64                      44/177
    centos-7.7:   Verifying  : kernel-tools-3.10.0-1160.25.1.el7.x86_64                  45/177
    centos-7.7:   Verifying  : kpartx-0.4.9-134.el7_9.x86_64                             46/177
    centos-7.7:   Verifying  : glib2-2.56.1-8.el7.x86_64                                 47/177
    centos-7.7:   Verifying  : kexec-tools-2.0.15-51.el7_9.2.x86_64                      48/177
    centos-7.7:   Verifying  : 2:microcode_ctl-2.1-73.8.el7_9.x86_64                     49/177
    centos-7.7:   Verifying  : zlib-1.2.7-19.el7_9.x86_64                                50/177
    centos-7.7:   Verifying  : glibc-2.17-324.el7_9.x86_64                               51/177
    centos-7.7:   Verifying  : nspr-4.25.0-2.el7_9.x86_64                                52/177
    centos-7.7:   Verifying  : 1:NetworkManager-team-1.18.8-2.el7_9.x86_64               53/177
    centos-7.7:   Verifying  : 7:device-mapper-libs-1.02.170-6.el7_9.5.x86_64            54/177
    centos-7.7:   Verifying  : iwl5000-firmware-8.83.5.1_1-80.el7_9.noarch               55/177
    centos-7.7:   Verifying  : python-2.7.5-90.el7.x86_64                                56/177
    centos-7.7:   Verifying  : openldap-2.4.44-23.el7_9.x86_64                           57/177
    centos-7.7:   Verifying  : libsmartcols-2.23.2-65.el7_9.1.x86_64                     58/177
    centos-7.7:   Verifying  : iwl6000g2b-firmware-18.168.6.1-80.el7_9.noarch            59/177
    centos-7.7:   Verifying  : coreutils-8.22-24.el7_9.2.x86_64                          60/177
    centos-7.7:   Verifying  : 1:wpa_supplicant-2.6-12.el7_9.2.x86_64                    61/177
    centos-7.7:   Verifying  : util-linux-2.23.2-65.el7_9.1.x86_64                       62/177
    centos-7.7:   Verifying  : libuuid-2.23.2-65.el7_9.1.x86_64                          63/177
    centos-7.7:   Verifying  : 1:iwl1000-firmware-39.31.5.1-80.el7_9.noarch              64/177
    centos-7.7:   Verifying  : iwl4965-firmware-228.61.2.24-80.el7_9.noarch              65/177
    centos-7.7:   Verifying  : iwl6000g2a-firmware-18.168.6.1-80.el7_9.noarch            66/177
    centos-7.7:   Verifying  : nss-tools-3.53.1-7.el7_9.x86_64                           67/177
    centos-7.7:   Verifying  : 1:NetworkManager-wifi-1.18.8-2.el7_9.x86_64               68/177
    centos-7.7:   Verifying  : kernel-3.10.0-1160.25.1.el7.x86_64                        69/177
    centos-7.7:   Verifying  : iwl105-firmware-18.168.6.1-80.el7_9.noarch                70/177
    centos-7.7:   Verifying  : iwl7260-firmware-25.30.13.0-80.el7_9.noarch               71/177
    centos-7.7:   Verifying  : systemd-libs-219-78.el7_9.3.x86_64                        72/177
    centos-7.7:   Verifying  : 1:grub2-2.02-0.87.el7.centos.6.x86_64                     73/177
    centos-7.7:   Verifying  : systemd-219-78.el7_9.3.x86_64                             74/177
    centos-7.7:   Verifying  : sudo-1.8.23-10.el7_9.1.x86_64                             75/177
    centos-7.7:   Verifying  : nss-sysinit-3.53.1-7.el7_9.x86_64                         76/177
    centos-7.7:   Verifying  : iwl3945-firmware-15.32.2.9-80.el7_9.noarch                77/177
    centos-7.7:   Verifying  : 1:NetworkManager-1.18.8-2.el7_9.x86_64                    78/177
    centos-7.7:   Verifying  : iwl135-firmware-18.168.6.1-80.el7_9.noarch                79/177
    centos-7.7:   Verifying  : iwl6050-firmware-41.28.5.1-80.el7_9.noarch                80/177
    centos-7.7:   Verifying  : 7:lvm2-libs-2.02.187-6.el7_9.5.x86_64                     81/177
    centos-7.7:   Verifying  : 7:device-mapper-event-libs-1.02.170-6.el7_9.5.x86_64      82/177
    centos-7.7:   Verifying  : 1:grub2-pc-2.02-0.87.el7.centos.6.x86_64                  83/177
    centos-7.7:   Verifying  : 1:grub2-tools-2.02-0.87.el7.centos.6.x86_64               84/177
    centos-7.7:   Verifying  : libcroco-0.6.12-6.el7_9.x86_64                            85/177
    centos-7.7:   Verifying  : iwl2030-firmware-18.168.6.1-80.el7_9.noarch               86/177
    centos-7.7:   Verifying  : kernel-tools-libs-3.10.0-1160.25.1.el7.x86_64             87/177
    centos-7.7:   Verifying  : iwl2000-firmware-18.168.6.1-80.el7_9.noarch               88/177
    centos-7.7:   Verifying  : tzdata-2021a-1.el7.noarch                                 89/177
    centos-7.7:   Verifying  : firewalld-filesystem-0.6.3-11.el7.noarch                  90/177
    centos-7.7:   Verifying  : glibc-common-2.17-317.el7.x86_64                          91/177
    centos-7.7:   Verifying  : selinux-policy-targeted-3.13.1-268.el7.noarch             92/177
    centos-7.7:   Verifying  : nss-3.44.0-7.el7_7.x86_64                                 93/177
    centos-7.7:   Verifying  : 7:device-mapper-event-1.02.170-6.el7.x86_64               94/177
    centos-7.7:   Verifying  : 2:microcode_ctl-2.1-73.el7.x86_64                         95/177
    centos-7.7:   Verifying  : iwl2000-firmware-18.168.6.1-79.el7.noarch                 96/177
    centos-7.7:   Verifying  : glib2-2.56.1-7.el7.x86_64                                 97/177
    centos-7.7:   Verifying  : 1:iwl1000-firmware-39.31.5.1-79.el7.noarch                98/177
    centos-7.7:   Verifying  : zlib-1.2.7-18.el7.x86_64                                  99/177
    centos-7.7:   Verifying  : iwl5150-firmware-8.24.2.2-79.el7.noarch                  100/177
    centos-7.7:   Verifying  : iwl6000g2a-firmware-18.168.6.1-79.el7.noarch             101/177
    centos-7.7:   Verifying  : systemd-219-78.el7.x86_64                                102/177
    centos-7.7:   Verifying  : 7:device-mapper-1.02.170-6.el7.x86_64                    103/177
    centos-7.7:   Verifying  : iwl100-firmware-39.31.5.1-79.el7.noarch                  104/177
    centos-7.7:   Verifying  : libblkid-2.23.2-65.el7.x86_64                            105/177
    centos-7.7:   Verifying  : python-libs-2.7.5-89.el7.x86_64                          106/177
    centos-7.7:   Verifying  : iwl6000g2b-firmware-18.168.6.1-79.el7.noarch             107/177
    centos-7.7:   Verifying  : python-firewall-0.6.3-11.el7.noarch                      108/177
    centos-7.7:   Verifying  : 1:grub2-tools-2.02-0.86.el7.centos.x86_64                109/177
    centos-7.7:   Verifying  : 1:openssl-libs-1.0.2k-19.el7.x86_64                      110/177
    centos-7.7:   Verifying  : 1:NetworkManager-team-1.18.8-1.el7.x86_64                111/177
    centos-7.7:   Verifying  : kernel-tools-libs-3.10.0-1160.el7.x86_64                 112/177
    centos-7.7:   Verifying  : iwl3160-firmware-25.30.13.0-79.el7.noarch                113/177
    centos-7.7:   Verifying  : iwl6000-firmware-9.221.4.1-79.el7.noarch                 114/177
    centos-7.7:   Verifying  : sudo-1.8.23-10.el7.x86_64                                115/177
    centos-7.7:   Verifying  : 7:lvm2-2.02.187-6.el7.x86_64                             116/177
    centos-7.7:   Verifying  : iwl3945-firmware-15.32.2.9-79.el7.noarch                 117/177
    centos-7.7:   Verifying  : 1:NetworkManager-libnm-1.18.8-1.el7.x86_64               118/177
    centos-7.7:   Verifying  : libuuid-2.23.2-65.el7.x86_64                             119/177
    centos-7.7:   Verifying  : 2:vim-minimal-7.4.629-7.el7.x86_64                       120/177
    centos-7.7:   Verifying  : nss-tools-3.44.0-7.el7_7.x86_64                          121/177
    centos-7.7:   Verifying  : 1:NetworkManager-tui-1.18.8-1.el7.x86_64                 122/177
    centos-7.7:   Verifying  : systemd-sysv-219-78.el7.x86_64                           123/177
    centos-7.7:   Verifying  : 1:wpa_supplicant-2.6-12.el7.x86_64                       124/177
    centos-7.7:   Verifying  : freetype-2.8-14.el7.x86_64                               125/177
    centos-7.7:   Verifying  : 1:grub2-2.02-0.86.el7.centos.x86_64                      126/177
    centos-7.7:   Verifying  : iwl135-firmware-18.168.6.1-79.el7.noarch                 127/177
    centos-7.7:   Verifying  : 1:NetworkManager-1.18.8-1.el7.x86_64                     128/177
    centos-7.7:   Verifying  : initscripts-9.49.53-1.el7.x86_64                         129/177
    centos-7.7:   Verifying  : 32:bind-export-libs-9.11.4-26.P2.el7.x86_64              130/177
    centos-7.7:   Verifying  : rsyslog-8.24.0-55.el7.x86_64                             131/177
    centos-7.7:   Verifying  : nss-sysinit-3.44.0-7.el7_7.x86_64                        132/177
    centos-7.7:   Verifying  : iwl6050-firmware-41.28.5.1-79.el7.noarch                 133/177
    centos-7.7:   Verifying  : elrepo-release-7.0-3.el7.elrepo.noarch                   134/177
    centos-7.7:   Verifying  : 1:openssl-1.0.2k-19.el7.x86_64                           135/177
    centos-7.7:   Verifying  : 7:device-mapper-event-libs-1.02.170-6.el7.x86_64         136/177
    centos-7.7:   Verifying  : tzdata-2020a-1.el7.noarch                                137/177
    centos-7.7:   Verifying  : libcurl-7.29.0-59.el7.x86_64                             138/177
    centos-7.7:   Verifying  : 7:lvm2-libs-2.02.187-6.el7.x86_64                        139/177
    centos-7.7:   Verifying  : curl-7.29.0-59.el7.x86_64                                140/177
    centos-7.7:   Verifying  : 1:grub2-pc-2.02-0.86.el7.centos.x86_64                   141/177
    centos-7.7:   Verifying  : kexec-tools-2.0.15-51.el7.x86_64                         142/177
    centos-7.7:   Verifying  : nspr-4.21.0-1.el7.x86_64                                 143/177
    centos-7.7:   Verifying  : nss-softokn-freebl-3.44.0-8.el7_7.x86_64                 144/177
    centos-7.7:   Verifying  : nss-softokn-3.44.0-8.el7_7.x86_64                        145/177
    centos-7.7:   Verifying  : iwl5000-firmware-8.83.5.1_1-79.el7.noarch                146/177
    centos-7.7:   Verifying  : iwl4965-firmware-228.61.2.24-79.el7.noarch               147/177
    centos-7.7:   Verifying  : libcroco-0.6.12-4.el7.x86_64                             148/177
    centos-7.7:   Verifying  : centos-release-7-9.2009.0.el7.centos.x86_64              149/177
    centos-7.7:   Verifying  : systemd-libs-219-78.el7.x86_64                           150/177
    centos-7.7:   Verifying  : 1:dmidecode-3.2-5.el7.x86_64                             151/177
    centos-7.7:   Verifying  : iwl7260-firmware-25.30.13.0-79.el7.noarch                152/177
    centos-7.7:   Verifying  : iwl105-firmware-18.168.6.1-79.el7.noarch                 153/177
    centos-7.7:   Verifying  : openldap-2.4.44-22.el7.x86_64                            154/177
    centos-7.7:   Verifying  : tuned-2.11.0-9.el7.noarch                                155/177
    centos-7.7:   Verifying  : 7:device-mapper-libs-1.02.170-6.el7.x86_64               156/177
    centos-7.7:   Verifying  : python-perf-3.10.0-1160.el7.x86_64                       157/177
    centos-7.7:   Verifying  : coreutils-8.22-24.el7.x86_64                             158/177
    centos-7.7:   Verifying  : linux-firmware-20200421-79.git78c0348.el7.noarch         159/177
    centos-7.7:   Verifying  : python-2.7.5-89.el7.x86_64                               160/177
    centos-7.7:   Verifying  : selinux-policy-3.13.1-268.el7.noarch                     161/177
    centos-7.7:   Verifying  : iprutils-2.4.17.1-3.el7.x86_64                           162/177
    centos-7.7:   Verifying  : 1:NetworkManager-wifi-1.18.8-1.el7.x86_64                163/177
    centos-7.7:   Verifying  : 1:grub2-pc-modules-2.02-0.86.el7.centos.noarch           164/177
    centos-7.7:   Verifying  : glibc-2.17-317.el7.x86_64                                165/177
    centos-7.7:   Verifying  : kpartx-0.4.9-133.el7.x86_64                              166/177
    centos-7.7:   Verifying  : 1:grub2-common-2.02-0.86.el7.centos.noarch               167/177
    centos-7.7:   Verifying  : libsmartcols-2.23.2-65.el7.x86_64                        168/177
    centos-7.7:   Verifying  : firewalld-0.6.3-11.el7.noarch                            169/177
    centos-7.7:   Verifying  : 1:grub2-tools-minimal-2.02-0.86.el7.centos.x86_64        170/177
    centos-7.7:   Verifying  : iwl2030-firmware-18.168.6.1-79.el7.noarch                171/177
    centos-7.7:   Verifying  : kernel-tools-3.10.0-1160.el7.x86_64                      172/177
    centos-7.7:   Verifying  : 1:grub2-tools-extra-2.02-0.86.el7.centos.x86_64          173/177
    centos-7.7:   Verifying  : device-mapper-persistent-data-0.8.5-3.el7.x86_64         174/177
    centos-7.7:   Verifying  : nss-util-3.44.0-4.el7_7.x86_64                           175/177
    centos-7.7:   Verifying  : util-linux-2.23.2-65.el7.x86_64                          176/177
    centos-7.7:   Verifying  : libmount-2.23.2-65.el7.x86_64                            177/177
    centos-7.7:
    centos-7.7: Installed:
    centos-7.7:   kernel.x86_64 0:3.10.0-1160.25.1.el7
    centos-7.7:
    centos-7.7: Updated:
    centos-7.7:   NetworkManager.x86_64 1:1.18.8-2.el7_9
    centos-7.7:   NetworkManager-libnm.x86_64 1:1.18.8-2.el7_9
    centos-7.7:   NetworkManager-team.x86_64 1:1.18.8-2.el7_9
    centos-7.7:   NetworkManager-tui.x86_64 1:1.18.8-2.el7_9
    centos-7.7:   NetworkManager-wifi.x86_64 1:1.18.8-2.el7_9
    centos-7.7:   bind-export-libs.x86_64 32:9.11.4-26.P2.el7_9.5
    centos-7.7:   centos-release.x86_64 0:7-9.2009.1.el7.centos
    centos-7.7:   coreutils.x86_64 0:8.22-24.el7_9.2
    centos-7.7:   curl.x86_64 0:7.29.0-59.el7_9.1
    centos-7.7:   device-mapper.x86_64 7:1.02.170-6.el7_9.5
    centos-7.7:   device-mapper-event.x86_64 7:1.02.170-6.el7_9.5
    centos-7.7:   device-mapper-event-libs.x86_64 7:1.02.170-6.el7_9.5
    centos-7.7:   device-mapper-libs.x86_64 7:1.02.170-6.el7_9.5
    centos-7.7:   device-mapper-persistent-data.x86_64 0:0.8.5-3.el7_9.2
    centos-7.7:   dmidecode.x86_64 1:3.2-5.el7_9.1
    centos-7.7:   elrepo-release.noarch 0:7.0-5.el7.elrepo
    centos-7.7:   firewalld.noarch 0:0.6.3-13.el7_9
    centos-7.7:   firewalld-filesystem.noarch 0:0.6.3-13.el7_9
    centos-7.7:   freetype.x86_64 0:2.8-14.el7_9.1
    centos-7.7:   glib2.x86_64 0:2.56.1-8.el7
    centos-7.7:   glibc.x86_64 0:2.17-324.el7_9
    centos-7.7:   glibc-common.x86_64 0:2.17-324.el7_9
    centos-7.7:   grub2.x86_64 1:2.02-0.87.el7.centos.6
    centos-7.7:   grub2-common.noarch 1:2.02-0.87.el7.centos.6
    centos-7.7:   grub2-pc.x86_64 1:2.02-0.87.el7.centos.6
    centos-7.7:   grub2-pc-modules.noarch 1:2.02-0.87.el7.centos.6
    centos-7.7:   grub2-tools.x86_64 1:2.02-0.87.el7.centos.6
    centos-7.7:   grub2-tools-extra.x86_64 1:2.02-0.87.el7.centos.6
    centos-7.7:   grub2-tools-minimal.x86_64 1:2.02-0.87.el7.centos.6
    centos-7.7:   initscripts.x86_64 0:9.49.53-1.el7_9.1
    centos-7.7:   iprutils.x86_64 0:2.4.17.1-3.el7_7
    centos-7.7:   iwl100-firmware.noarch 0:39.31.5.1-80.el7_9
    centos-7.7:   iwl1000-firmware.noarch 1:39.31.5.1-80.el7_9
    centos-7.7:   iwl105-firmware.noarch 0:18.168.6.1-80.el7_9
    centos-7.7:   iwl135-firmware.noarch 0:18.168.6.1-80.el7_9
    centos-7.7:   iwl2000-firmware.noarch 0:18.168.6.1-80.el7_9
    centos-7.7:   iwl2030-firmware.noarch 0:18.168.6.1-80.el7_9
    centos-7.7:   iwl3160-firmware.noarch 0:25.30.13.0-80.el7_9
    centos-7.7:   iwl3945-firmware.noarch 0:15.32.2.9-80.el7_9
    centos-7.7:   iwl4965-firmware.noarch 0:228.61.2.24-80.el7_9
    centos-7.7:   iwl5000-firmware.noarch 0:8.83.5.1_1-80.el7_9
    centos-7.7:   iwl5150-firmware.noarch 0:8.24.2.2-80.el7_9
    centos-7.7:   iwl6000-firmware.noarch 0:9.221.4.1-80.el7_9
    centos-7.7:   iwl6000g2a-firmware.noarch 0:18.168.6.1-80.el7_9
    centos-7.7:   iwl6000g2b-firmware.noarch 0:18.168.6.1-80.el7_9
    centos-7.7:   iwl6050-firmware.noarch 0:41.28.5.1-80.el7_9
    centos-7.7:   iwl7260-firmware.noarch 0:25.30.13.0-80.el7_9
    centos-7.7:   kernel-tools.x86_64 0:3.10.0-1160.25.1.el7
    centos-7.7:   kernel-tools-libs.x86_64 0:3.10.0-1160.25.1.el7
    centos-7.7:   kexec-tools.x86_64 0:2.0.15-51.el7_9.2
    centos-7.7:   kpartx.x86_64 0:0.4.9-134.el7_9
    centos-7.7:   libblkid.x86_64 0:2.23.2-65.el7_9.1
    centos-7.7:   libcroco.x86_64 0:0.6.12-6.el7_9
    centos-7.7:   libcurl.x86_64 0:7.29.0-59.el7_9.1
    centos-7.7:   libmount.x86_64 0:2.23.2-65.el7_9.1
    centos-7.7:   libsmartcols.x86_64 0:2.23.2-65.el7_9.1
    centos-7.7:   libuuid.x86_64 0:2.23.2-65.el7_9.1
    centos-7.7:   linux-firmware.noarch 0:20200421-80.git78c0348.el7_9
    centos-7.7:   lvm2.x86_64 7:2.02.187-6.el7_9.5
    centos-7.7:   lvm2-libs.x86_64 7:2.02.187-6.el7_9.5
    centos-7.7:   microcode_ctl.x86_64 2:2.1-73.8.el7_9
    centos-7.7:   nspr.x86_64 0:4.25.0-2.el7_9
    centos-7.7:   nss.x86_64 0:3.53.1-7.el7_9
    centos-7.7:   nss-softokn.x86_64 0:3.53.1-6.el7_9
    centos-7.7:   nss-softokn-freebl.x86_64 0:3.53.1-6.el7_9
    centos-7.7:   nss-sysinit.x86_64 0:3.53.1-7.el7_9
    centos-7.7:   nss-tools.x86_64 0:3.53.1-7.el7_9
    centos-7.7:   nss-util.x86_64 0:3.53.1-1.el7_9
    centos-7.7:   openldap.x86_64 0:2.4.44-23.el7_9
    centos-7.7:   openssl.x86_64 1:1.0.2k-21.el7_9
    centos-7.7:   openssl-libs.x86_64 1:1.0.2k-21.el7_9
    centos-7.7:   python.x86_64 0:2.7.5-90.el7
    centos-7.7:   python-firewall.noarch 0:0.6.3-13.el7_9
    centos-7.7:   python-libs.x86_64 0:2.7.5-90.el7
    centos-7.7:   python-perf.x86_64 0:3.10.0-1160.25.1.el7
    centos-7.7:   rsyslog.x86_64 0:8.24.0-57.el7_9
    centos-7.7:   selinux-policy.noarch 0:3.13.1-268.el7_9.2
    centos-7.7:   selinux-policy-targeted.noarch 0:3.13.1-268.el7_9.2
    centos-7.7:   sudo.x86_64 0:1.8.23-10.el7_9.1
    centos-7.7:   systemd.x86_64 0:219-78.el7_9.3
    centos-7.7:   systemd-libs.x86_64 0:219-78.el7_9.3
    centos-7.7:   systemd-sysv.x86_64 0:219-78.el7_9.3
    centos-7.7:   tuned.noarch 0:2.11.0-11.el7_9
    centos-7.7:   tzdata.noarch 0:2021a-1.el7
    centos-7.7:   util-linux.x86_64 0:2.23.2-65.el7_9.1
    centos-7.7:   vim-minimal.x86_64 2:7.4.629-8.el7_9
    centos-7.7:   wpa_supplicant.x86_64 1:2.6-12.el7_9.2
    centos-7.7:   zlib.x86_64 0:1.2.7-19.el7_9
    centos-7.7:
    centos-7.7: Complete!
    centos-7.7: Loaded plugins: fastestmirror
    centos-7.7: Cleaning repos: base elrepo extras updates
    centos-7.7: Cleaning up list of fastest mirrors
    centos-7.7: Other repos take up 11 M of disk space (use --verbose for details)
    centos-7.7: dd: error writing /EMPTY: No space left on device
    centos-7.7: 6440+0 records in
    centos-7.7: 6439+0 records out
    centos-7.7: 6751780864 bytes (6.8 GB) copied, 43.3326 s, 156 MB/s
==> centos-7.7: Gracefully halting virtual machine...
==> centos-7.7: Preparing to export machine...
    centos-7.7: Deleting forwarded port mapping for the communicator (SSH, WinRM, etc) (host port 2972)
==> centos-7.7: Exporting virtual machine...
    centos-7.7: Executing: export packer-centos-vm --output builds/packer-centos-vm.ovf --manifest --vsys 0 --description CentOS 7.7 with kernel 5.x --version 7.7.1908
==> centos-7.7: Deregistering and deleting VM...
==> centos-7.7: Running post-processor: vagrant
==> centos-7.7 (vagrant): Creating Vagrant box for 'virtualbox' provider
    centos-7.7 (vagrant): Copying from artifact: builds/packer-centos-vm-disk001.vmdk
    centos-7.7 (vagrant): Copying from artifact: builds/packer-centos-vm.mf
    centos-7.7 (vagrant): Copying from artifact: builds/packer-centos-vm.ovf
    centos-7.7 (vagrant): Renaming the OVF to box.ovf...
    centos-7.7 (vagrant): Compressing: Vagrantfile
    centos-7.7 (vagrant): Compressing: box.ovf
    centos-7.7 (vagrant): Compressing: metadata.json
    centos-7.7 (vagrant): Compressing: packer-centos-vm-disk001.vmdk
    centos-7.7 (vagrant): Compressing: packer-centos-vm.mf
Build 'centos-7.7' finished.

==> Builds finished. The artifacts of successful builds are:
--> centos-7.7: 'virtualbox' provider box: centos-7.7.1908-kernel-5-x86_64-Minimal.box
root@otssTestServer:/home/lx/git/manual_kernel_update/packer# ll
 806524
drwxr-xr-x 5 root root      4096  20 11:01 ./
drwxr-xr-x 5 root root      4096  20 10:29 ../
-rw-r--r-- 1 root root 825849429  20 11:01 centos-7.7.1908-kernel-5-x86_64-Minimal.box
-rw-r--r-- 1 root root      2009  20 10:29 centos.json
drwxr-xr-x 2 root root      4096  20 10:29 http/
drwxr-xr-x 3 root root      4096  20 10:43 packer_cache/
drwxr-xr-x 2 root root      4096  20 10:29 scripts/
root@otssTestServer:/home/lx/git/manual_kernel_update/packer# vagrant box add --name centos-7-5 centos-7.7.1908-kernel-5-x86_64-Minimal.box
==> box: Box file was not detected as metadata. Adding it directly...
==> box: Adding box 'centos-7-5' (v0) for provider:
    box: Unpacking necessary files from: file:///home/lx/git/manual_kernel_update/packer/centos-7.7.1908-kernel-5-x86_64-Minimal.box
==> box: Successfully added box 'centos-7-5' (v0) for 'virtualbox'!
root@otssTestServer:/home/lx/git/manual_kernel_update/packer# vagrant box list
alenchik/centos-7-5 (virtualbox, 1.0)
centos-7-5          (virtualbox, 0)
centos/7            (virtualbox, 2004.01)
root@otssTestServer:/home/lx/git/manual_kernel_update/packer# ll
 806524
drwxr-xr-x 5 root root      4096  20 11:01 ./
drwxr-xr-x 6 root root      4096  20 11:07 ../
-rw-r--r-- 1 root root 825849429  20 11:01 centos-7.7.1908-kernel-5-x86_64-Minimal.box
-rw-r--r-- 1 root root      2009  20 10:29 centos.json
drwxr-xr-x 2 root root      4096  20 10:29 http/
drwxr-xr-x 3 root root      4096  20 10:43 packer_cache/
drwxr-xr-x 2 root root      4096  20 10:29 scripts/
root@otssTestServer:/home/lx/git/manual_kernel_update/packer# nano Vagrantfile
root@otssTestServer:/home/lx/git/manual_kernel_update/packer# vagrant up
Bringing machine 'kernel-update' up with 'virtualbox' provider...
==> kernel-update: Importing base box 'centos-7-5'...
==> kernel-update: Matching MAC address for NAT networking...
==> kernel-update: Setting the name of the VM: packer_kernel-update_1621491032487_43603
==> kernel-update: Clearing any previously set network interfaces...
==> kernel-update: Preparing network interfaces based on configuration...
    kernel-update: Adapter 1: nat
==> kernel-update: Forwarding ports...
    kernel-update: 22 (guest) => 2222 (host) (adapter 1)
==> kernel-update: Running 'pre-boot' VM customizations...
==> kernel-update: Booting VM...
==> kernel-update: Waiting for machine to boot. This may take a few minutes...
    kernel-update: SSH address: 127.0.0.1:2222
    kernel-update: SSH username: vagrant
    kernel-update: SSH auth method: private key
    kernel-update:
    kernel-update: Vagrant insecure key detected. Vagrant will automatically replace
    kernel-update: this with a newly generated keypair for better security.
    kernel-update:
    kernel-update: Inserting generated public key within guest...
    kernel-update: Removing insecure key from the guest if it's present...
    kernel-update: Key inserted! Disconnecting and reconnecting using new SSH key...
==> kernel-update: Machine booted and ready!
==> kernel-update: Checking for guest additions in VM...
    kernel-update: No guest additions were detected on the base box for this VM! Guest
    kernel-update: additions are required for forwarded ports, shared folders, host only
    kernel-update: networking, and more. If SSH fails on this machine, please install
    kernel-update: the guest additions and repackage the box to continue.
    kernel-update:
    kernel-update: This is not an error message; everything may continue to work properly,
    kernel-update: in which case you may ignore this message.
==> kernel-update: Setting hostname...
root@otssTestServer:/home/lx/git/manual_kernel_update/packer# vagrant ssh
Last login: Thu May 20 05:59:28 2021 from 10.0.2.2
[vagrant@kernel-update ~]$ uname -r
5.12.5-1.el7.elrepo.x86_64